/WARNING 2020-06-28 15:48:30,615 - Coercing invalid notify() value to RuntimeError: 'eoorororo'
/INFO 2020-06-28 15:48:30,917 - eoorororo
/DEBUG 2020-06-28 15:48:30,921 - Starting new HTTPS connection (1): notify.bugsnag.com:443
/DEBUG 2020-06-28 15:48:32,284 - https://notify.bugsnag.com:443 "POST / HTTP/1.1" 200 2
/WARNING 2020-06-28 15:51:52,440 - Coercing invalid notify() value to RuntimeError: 'eoorororo'
/INFO 2020-06-28 15:51:52,614 - eoorororo
/DEBUG 2020-06-28 15:51:52,618 - Starting new HTTPS connection (1): notify.bugsnag.com:443
/DEBUG 2020-06-28 15:51:53,399 - https://notify.bugsnag.com:443 "POST / HTTP/1.1" 200 2
/WARNING 2020-06-28 15:54:44,364 - Coercing invalid notify() value to RuntimeError: 'hy'
/INFO 2020-06-28 15:54:44,509 - hy
/DEBUG 2020-06-28 15:54:44,512 - Starting new HTTPS connection (1): notify.bugsnag.com:443
/DEBUG 2020-06-28 15:54:45,113 - https://notify.bugsnag.com:443 "POST / HTTP/1.1" 200 2
/WARNING 2020-06-28 15:58:06,256 - Coercing invalid notify() value to RuntimeError: <class 'TypeError'>
/INFO 2020-06-28 15:58:06,412 - <class 'TypeError'>
/DEBUG 2020-06-28 15:58:06,416 - Starting new HTTPS connection (1): notify.bugsnag.com:443
/DEBUG 2020-06-28 15:58:07,730 - https://notify.bugsnag.com:443 "POST / HTTP/1.1" 200 2
/WARNING 2020-06-28 15:58:27,394 - Coercing invalid notify() value to RuntimeError: {'k': 7}
/INFO 2020-06-28 15:58:27,533 - {'k': 7}
/DEBUG 2020-06-28 15:58:27,537 - Starting new HTTPS connection (1): notify.bugsnag.com:443
/DEBUG 2020-06-28 15:58:28,049 - https://notify.bugsnag.com:443 "POST / HTTP/1.1" 200 2
/DEBUG 2020-06-28 16:01:11,219 - Starting new HTTPS connection (1): notify.bugsnag.com:443
/DEBUG 2020-06-28 16:01:12,133 - https://notify.bugsnag.com:443 "POST / HTTP/1.1" 200 2
/DEBUG 2020-06-28 16:23:05,896 - Starting new HTTPS connection (1): notify.bugsnag.com:443
/DEBUG 2020-06-28 16:23:06,502 - https://notify.bugsnag.com:443 "POST / HTTP/1.1" 200 2
/DEBUG 2020-06-28 16:25:29,932 - Converted retries value: 3 -> Retry(total=3, connect=None, read=None, redirect=None, status=None)
/DEBUG 2020-06-28 16:25:47,419 - Starting new HTTPS connection (1): www.googleapis.com:443
/DEBUG 2020-06-28 16:25:48,199 - https://www.googleapis.com:443 "POST /identitytoolkit/v3/relyingparty/verifyPassword?key=AIzaSyBE60qpNe65viKstXjTmgq2fnpsHwCSOjU HTTP/1.1" 400 None
/DEBUG 2020-06-28 16:25:48,214 - Starting new HTTPS connection (1): notify.bugsnag.com:443
/DEBUG 2020-06-28 16:25:48,819 - https://notify.bugsnag.com:443 "POST / HTTP/1.1" 200 2
/DEBUG 2020-06-28 16:26:30,893 - Converted retries value: 3 -> Retry(total=3, connect=None, read=None, redirect=None, status=None)
/DEBUG 2020-06-28 16:26:44,435 - Starting new HTTPS connection (1): www.googleapis.com:443
/DEBUG 2020-06-28 16:26:45,180 - https://www.googleapis.com:443 "POST /identitytoolkit/v3/relyingparty/signupNewUser?key=AIzaSyBE60qpNe65viKstXjTmgq2fnpsHwCSOjU HTTP/1.1" 200 None
/DEBUG 2020-06-28 16:26:45,189 - Starting new HTTPS connection (1): unifyhas-8e56e.firebaseio.com:443
/DEBUG 2020-06-28 16:26:46,237 - https://unifyhas-8e56e.firebaseio.com:443 "POST /users/lnzLhlV3B7UzHv9rPZ4MDUPJApS2.json HTTP/1.1" 200 31
/DEBUG 2020-06-28 16:27:02,958 - Starting new HTTPS connection (1): www.googleapis.com:443
/DEBUG 2020-06-28 16:27:03,720 - https://www.googleapis.com:443 "POST /identitytoolkit/v3/relyingparty/verifyPassword?key=AIzaSyBE60qpNe65viKstXjTmgq2fnpsHwCSOjU HTTP/1.1" 200 None
/DEBUG 2020-06-28 16:27:04,031 - https://unifyhas-8e56e.firebaseio.com:443 "GET /users/lnzLhlV3B7UzHv9rPZ4MDUPJApS2.json HTTP/1.1" 200 92
/DEBUG 2020-06-28 16:27:04,317 - https://unifyhas-8e56e.firebaseio.com:443 "GET /users/lnzLhlV3B7UzHv9rPZ4MDUPJApS2.json HTTP/1.1" 200 92
/DEBUG 2020-06-28 16:27:04,636 - https://unifyhas-8e56e.firebaseio.com:443 "GET /users/lnzLhlV3B7UzHv9rPZ4MDUPJApS2.json HTTP/1.1" 200 92
/DEBUG 2020-06-28 16:27:04,956 - https://unifyhas-8e56e.firebaseio.com:443 "GET /users/lnzLhlV3B7UzHv9rPZ4MDUPJApS2.json HTTP/1.1" 200 92
/DEBUG 2020-06-28 16:27:05,316 - https://unifyhas-8e56e.firebaseio.com:443 "GET /users/lnzLhlV3B7UzHv9rPZ4MDUPJApS2.json HTTP/1.1" 200 92
/DEBUG 2020-06-28 16:27:05,716 - https://unifyhas-8e56e.firebaseio.com:443 "GET /users/lnzLhlV3B7UzHv9rPZ4MDUPJApS2.json HTTP/1.1" 200 92
/DEBUG 2020-06-28 16:27:06,036 - https://unifyhas-8e56e.firebaseio.com:443 "GET /users/lnzLhlV3B7UzHv9rPZ4MDUPJApS2.json HTTP/1.1" 200 92
/DEBUG 2020-06-28 16:27:06,312 - https://unifyhas-8e56e.firebaseio.com:443 "GET /users/lnzLhlV3B7UzHv9rPZ4MDUPJApS2.json HTTP/1.1" 200 92
/DEBUG 2020-06-28 16:27:06,758 - https://unifyhas-8e56e.firebaseio.com:443 "GET /users/lnzLhlV3B7UzHv9rPZ4MDUPJApS2.json HTTP/1.1" 200 92
/DEBUG 2020-06-28 16:27:07,197 - https://unifyhas-8e56e.firebaseio.com:443 "GET /users/lnzLhlV3B7UzHv9rPZ4MDUPJApS2.json HTTP/1.1" 200 92
/DEBUG 2020-06-28 16:27:07,557 - https://unifyhas-8e56e.firebaseio.com:443 "GET /users/lnzLhlV3B7UzHv9rPZ4MDUPJApS2.json HTTP/1.1" 200 92
/DEBUG 2020-06-28 16:27:07,877 - https://unifyhas-8e56e.firebaseio.com:443 "GET /users/lnzLhlV3B7UzHv9rPZ4MDUPJApS2.json HTTP/1.1" 200 92
/DEBUG 2020-06-28 16:27:08,355 - https://unifyhas-8e56e.firebaseio.com:443 "GET /users/lnzLhlV3B7UzHv9rPZ4MDUPJApS2.json HTTP/1.1" 200 92
/DEBUG 2020-06-28 16:27:08,697 - https://unifyhas-8e56e.firebaseio.com:443 "GET /users/lnzLhlV3B7UzHv9rPZ4MDUPJApS2.json HTTP/1.1" 200 92
/DEBUG 2020-06-28 16:27:08,998 - https://unifyhas-8e56e.firebaseio.com:443 "GET /users/lnzLhlV3B7UzHv9rPZ4MDUPJApS2.json HTTP/1.1" 200 92
/DEBUG 2020-06-28 16:27:09,475 - https://unifyhas-8e56e.firebaseio.com:443 "GET /users/lnzLhlV3B7UzHv9rPZ4MDUPJApS2.json HTTP/1.1" 200 92
/DEBUG 2020-06-28 16:27:09,836 - https://unifyhas-8e56e.firebaseio.com:443 "GET /users/lnzLhlV3B7UzHv9rPZ4MDUPJApS2.json HTTP/1.1" 200 92
/DEBUG 2020-06-28 16:27:10,202 - https://unifyhas-8e56e.firebaseio.com:443 "GET /users/lnzLhlV3B7UzHv9rPZ4MDUPJApS2.json HTTP/1.1" 200 92
/DEBUG 2020-06-28 16:27:10,557 - https://unifyhas-8e56e.firebaseio.com:443 "GET /users/lnzLhlV3B7UzHv9rPZ4MDUPJApS2.json HTTP/1.1" 200 92
/DEBUG 2020-06-28 16:27:10,917 - https://unifyhas-8e56e.firebaseio.com:443 "GET /users/lnzLhlV3B7UzHv9rPZ4MDUPJApS2.json HTTP/1.1" 200 92
/DEBUG 2020-06-28 16:27:11,396 - https://unifyhas-8e56e.firebaseio.com:443 "GET /users/lnzLhlV3B7UzHv9rPZ4MDUPJApS2.json HTTP/1.1" 200 92
/DEBUG 2020-06-28 16:27:11,780 - https://unifyhas-8e56e.firebaseio.com:443 "GET /users/lnzLhlV3B7UzHv9rPZ4MDUPJApS2.json HTTP/1.1" 200 92
/DEBUG 2020-06-28 16:27:12,116 - https://unifyhas-8e56e.firebaseio.com:443 "GET /users/lnzLhlV3B7UzHv9rPZ4MDUPJApS2.json HTTP/1.1" 200 92
/DEBUG 2020-06-28 16:27:12,510 - https://unifyhas-8e56e.firebaseio.com:443 "GET /users/lnzLhlV3B7UzHv9rPZ4MDUPJApS2.json HTTP/1.1" 200 92
/DEBUG 2020-06-28 16:27:12,883 - https://unifyhas-8e56e.firebaseio.com:443 "GET /users/lnzLhlV3B7UzHv9rPZ4MDUPJApS2.json HTTP/1.1" 200 92
/DEBUG 2020-06-28 16:27:13,237 - https://unifyhas-8e56e.firebaseio.com:443 "GET /users/lnzLhlV3B7UzHv9rPZ4MDUPJApS2.json HTTP/1.1" 200 92
/DEBUG 2020-06-28 16:27:13,951 - https://unifyhas-8e56e.firebaseio.com:443 "GET /users/lnzLhlV3B7UzHv9rPZ4MDUPJApS2.json HTTP/1.1" 200 92
/DEBUG 2020-06-28 16:27:14,340 - https://unifyhas-8e56e.firebaseio.com:443 "GET /users/lnzLhlV3B7UzHv9rPZ4MDUPJApS2.json HTTP/1.1" 200 92
/DEBUG 2020-06-28 16:27:14,716 - https://unifyhas-8e56e.firebaseio.com:443 "GET /users/lnzLhlV3B7UzHv9rPZ4MDUPJApS2.json HTTP/1.1" 200 92
/DEBUG 2020-06-28 16:27:15,073 - https://unifyhas-8e56e.firebaseio.com:443 "GET /users/lnzLhlV3B7UzHv9rPZ4MDUPJApS2.json HTTP/1.1" 200 92
/DEBUG 2020-06-28 16:27:15,561 - https://unifyhas-8e56e.firebaseio.com:443 "GET /users/lnzLhlV3B7UzHv9rPZ4MDUPJApS2.json HTTP/1.1" 200 92
/DEBUG 2020-06-28 16:27:16,003 - https://unifyhas-8e56e.firebaseio.com:443 "GET /users/lnzLhlV3B7UzHv9rPZ4MDUPJApS2.json HTTP/1.1" 200 92
/DEBUG 2020-06-28 16:27:16,361 - https://unifyhas-8e56e.firebaseio.com:443 "GET /users/lnzLhlV3B7UzHv9rPZ4MDUPJApS2.json HTTP/1.1" 200 92
/DEBUG 2020-06-28 16:27:16,674 - https://unifyhas-8e56e.firebaseio.com:443 "GET /users/lnzLhlV3B7UzHv9rPZ4MDUPJApS2.json HTTP/1.1" 200 92
/DEBUG 2020-06-28 16:27:16,993 - https://unifyhas-8e56e.firebaseio.com:443 "GET /users/lnzLhlV3B7UzHv9rPZ4MDUPJApS2.json HTTP/1.1" 200 92
/DEBUG 2020-06-28 16:27:17,276 - https://unifyhas-8e56e.firebaseio.com:443 "GET /users/lnzLhlV3B7UzHv9rPZ4MDUPJApS2.json HTTP/1.1" 200 92
/DEBUG 2020-06-28 16:27:17,636 - https://unifyhas-8e56e.firebaseio.com:443 "GET /users/lnzLhlV3B7UzHv9rPZ4MDUPJApS2.json HTTP/1.1" 200 92
/DEBUG 2020-06-28 16:27:17,990 - https://unifyhas-8e56e.firebaseio.com:443 "GET /users/lnzLhlV3B7UzHv9rPZ4MDUPJApS2.json HTTP/1.1" 200 92
/DEBUG 2020-06-28 16:27:18,327 - https://unifyhas-8e56e.firebaseio.com:443 "GET /users/lnzLhlV3B7UzHv9rPZ4MDUPJApS2.json HTTP/1.1" 200 92
/DEBUG 2020-06-28 16:27:18,608 - https://unifyhas-8e56e.firebaseio.com:443 "GET /users/lnzLhlV3B7UzHv9rPZ4MDUPJApS2.json HTTP/1.1" 200 92
/DEBUG 2020-06-28 16:27:18,926 - https://unifyhas-8e56e.firebaseio.com:443 "GET /users/lnzLhlV3B7UzHv9rPZ4MDUPJApS2.json HTTP/1.1" 200 92
/DEBUG 2020-06-28 16:27:19,874 - https://unifyhas-8e56e.firebaseio.com:443 "GET /users/lnzLhlV3B7UzHv9rPZ4MDUPJApS2.json HTTP/1.1" 200 92
/DEBUG 2020-06-28 16:27:20,195 - https://unifyhas-8e56e.firebaseio.com:443 "GET /users/lnzLhlV3B7UzHv9rPZ4MDUPJApS2.json HTTP/1.1" 200 92
/DEBUG 2020-06-28 16:27:20,521 - https://unifyhas-8e56e.firebaseio.com:443 "GET /users/lnzLhlV3B7UzHv9rPZ4MDUPJApS2.json HTTP/1.1" 200 92
/DEBUG 2020-06-28 16:27:20,845 - https://unifyhas-8e56e.firebaseio.com:443 "GET /users/lnzLhlV3B7UzHv9rPZ4MDUPJApS2.json HTTP/1.1" 200 92
/DEBUG 2020-06-28 16:27:21,162 - https://unifyhas-8e56e.firebaseio.com:443 "GET /users/lnzLhlV3B7UzHv9rPZ4MDUPJApS2.json HTTP/1.1" 200 92
/DEBUG 2020-06-28 16:27:21,514 - https://unifyhas-8e56e.firebaseio.com:443 "GET /users/lnzLhlV3B7UzHv9rPZ4MDUPJApS2.json HTTP/1.1" 200 92
/DEBUG 2020-06-28 16:27:21,798 - https://unifyhas-8e56e.firebaseio.com:443 "GET /users/lnzLhlV3B7UzHv9rPZ4MDUPJApS2.json HTTP/1.1" 200 92
/DEBUG 2020-06-28 16:27:22,117 - https://unifyhas-8e56e.firebaseio.com:443 "GET /users/lnzLhlV3B7UzHv9rPZ4MDUPJApS2.json HTTP/1.1" 200 92
/DEBUG 2020-06-28 16:27:22,603 - https://unifyhas-8e56e.firebaseio.com:443 "GET /users/lnzLhlV3B7UzHv9rPZ4MDUPJApS2.json HTTP/1.1" 200 92
/DEBUG 2020-06-28 16:27:22,874 - https://unifyhas-8e56e.firebaseio.com:443 "GET /users/lnzLhlV3B7UzHv9rPZ4MDUPJApS2.json HTTP/1.1" 200 92
/DEBUG 2020-06-28 16:27:23,239 - https://unifyhas-8e56e.firebaseio.com:443 "GET /users/lnzLhlV3B7UzHv9rPZ4MDUPJApS2.json HTTP/1.1" 200 92
/DEBUG 2020-06-28 16:27:23,727 - https://unifyhas-8e56e.firebaseio.com:443 "GET /users/lnzLhlV3B7UzHv9rPZ4MDUPJApS2.json HTTP/1.1" 200 92
/DEBUG 2020-06-28 16:27:24,031 - https://unifyhas-8e56e.firebaseio.com:443 "GET /users/lnzLhlV3B7UzHv9rPZ4MDUPJApS2.json HTTP/1.1" 200 92
/DEBUG 2020-06-28 16:27:24,312 - https://unifyhas-8e56e.firebaseio.com:443 "GET /users/lnzLhlV3B7UzHv9rPZ4MDUPJApS2.json HTTP/1.1" 200 92
/DEBUG 2020-06-28 16:27:25,205 - https://unifyhas-8e56e.firebaseio.com:443 "GET /users/lnzLhlV3B7UzHv9rPZ4MDUPJApS2.json HTTP/1.1" 200 92
/DEBUG 2020-06-28 16:27:25,445 - https://unifyhas-8e56e.firebaseio.com:443 "GET /users/lnzLhlV3B7UzHv9rPZ4MDUPJApS2.json HTTP/1.1" 200 92
/DEBUG 2020-06-28 16:27:25,688 - https://unifyhas-8e56e.firebaseio.com:443 "GET /users/lnzLhlV3B7UzHv9rPZ4MDUPJApS2.json HTTP/1.1" 200 92
/DEBUG 2020-06-28 16:27:26,005 - https://unifyhas-8e56e.firebaseio.com:443 "GET /users/lnzLhlV3B7UzHv9rPZ4MDUPJApS2.json HTTP/1.1" 200 92
/DEBUG 2020-06-28 16:27:26,258 - https://unifyhas-8e56e.firebaseio.com:443 "GET /users/lnzLhlV3B7UzHv9rPZ4MDUPJApS2.json HTTP/1.1" 200 92
/DEBUG 2020-06-28 16:27:26,505 - https://unifyhas-8e56e.firebaseio.com:443 "GET /users/lnzLhlV3B7UzHv9rPZ4MDUPJApS2.json HTTP/1.1" 200 92
/DEBUG 2020-06-28 16:27:26,803 - https://unifyhas-8e56e.firebaseio.com:443 "GET /users/lnzLhlV3B7UzHv9rPZ4MDUPJApS2.json HTTP/1.1" 200 92
/DEBUG 2020-06-28 16:27:27,040 - https://unifyhas-8e56e.firebaseio.com:443 "GET /users/lnzLhlV3B7UzHv9rPZ4MDUPJApS2.json HTTP/1.1" 200 92
/DEBUG 2020-06-28 16:27:27,287 - https://unifyhas-8e56e.firebaseio.com:443 "GET /users/lnzLhlV3B7UzHv9rPZ4MDUPJApS2.json HTTP/1.1" 200 92
/DEBUG 2020-06-28 16:27:27,527 - https://unifyhas-8e56e.firebaseio.com:443 "GET /users/lnzLhlV3B7UzHv9rPZ4MDUPJApS2.json HTTP/1.1" 200 92
/DEBUG 2020-06-28 16:27:27,768 - https://unifyhas-8e56e.firebaseio.com:443 "GET /users/lnzLhlV3B7UzHv9rPZ4MDUPJApS2.json HTTP/1.1" 200 92
/DEBUG 2020-06-28 16:27:28,018 - https://unifyhas-8e56e.firebaseio.com:443 "GET /users/lnzLhlV3B7UzHv9rPZ4MDUPJApS2.json HTTP/1.1" 200 92
/DEBUG 2020-06-28 16:27:28,266 - https://unifyhas-8e56e.firebaseio.com:443 "GET /users/lnzLhlV3B7UzHv9rPZ4MDUPJApS2.json HTTP/1.1" 200 92
/DEBUG 2020-06-28 16:27:28,565 - https://unifyhas-8e56e.firebaseio.com:443 "GET /users/lnzLhlV3B7UzHv9rPZ4MDUPJApS2.json HTTP/1.1" 200 92
/DEBUG 2020-06-28 16:27:28,805 - https://unifyhas-8e56e.firebaseio.com:443 "GET /users/lnzLhlV3B7UzHv9rPZ4MDUPJApS2.json HTTP/1.1" 200 92
/DEBUG 2020-06-28 16:27:29,046 - https://unifyhas-8e56e.firebaseio.com:443 "GET /users/lnzLhlV3B7UzHv9rPZ4MDUPJApS2.json HTTP/1.1" 200 92
/DEBUG 2020-06-28 16:27:29,285 - https://unifyhas-8e56e.firebaseio.com:443 "GET /users/lnzLhlV3B7UzHv9rPZ4MDUPJApS2.json HTTP/1.1" 200 92
/DEBUG 2020-06-28 16:27:29,524 - https://unifyhas-8e56e.firebaseio.com:443 "GET /users/lnzLhlV3B7UzHv9rPZ4MDUPJApS2.json HTTP/1.1" 200 92
/DEBUG 2020-06-28 16:27:29,768 - https://unifyhas-8e56e.firebaseio.com:443 "GET /users/lnzLhlV3B7UzHv9rPZ4MDUPJApS2.json HTTP/1.1" 200 92
/DEBUG 2020-06-28 16:27:30,009 - https://unifyhas-8e56e.firebaseio.com:443 "GET /users/lnzLhlV3B7UzHv9rPZ4MDUPJApS2.json HTTP/1.1" 200 92
/DEBUG 2020-06-28 16:27:30,324 - https://unifyhas-8e56e.firebaseio.com:443 "GET /users/lnzLhlV3B7UzHv9rPZ4MDUPJApS2.json HTTP/1.1" 200 92
/DEBUG 2020-06-28 16:27:30,569 - https://unifyhas-8e56e.firebaseio.com:443 "GET /users/lnzLhlV3B7UzHv9rPZ4MDUPJApS2.json HTTP/1.1" 200 92
/DEBUG 2020-06-28 16:27:30,884 - https://unifyhas-8e56e.firebaseio.com:443 "GET /users/lnzLhlV3B7UzHv9rPZ4MDUPJApS2.json HTTP/1.1" 200 92
/DEBUG 2020-06-28 16:27:31,202 - https://unifyhas-8e56e.firebaseio.com:443 "GET /users/lnzLhlV3B7UzHv9rPZ4MDUPJApS2.json HTTP/1.1" 200 92
/DEBUG 2020-06-28 16:27:31,523 - https://unifyhas-8e56e.firebaseio.com:443 "GET /users/lnzLhlV3B7UzHv9rPZ4MDUPJApS2.json HTTP/1.1" 200 92
/DEBUG 2020-06-28 16:27:31,765 - https://unifyhas-8e56e.firebaseio.com:443 "GET /users/lnzLhlV3B7UzHv9rPZ4MDUPJApS2.json HTTP/1.1" 200 92
/DEBUG 2020-06-28 16:27:32,014 - https://unifyhas-8e56e.firebaseio.com:443 "GET /users/lnzLhlV3B7UzHv9rPZ4MDUPJApS2.json HTTP/1.1" 200 92
/DEBUG 2020-06-28 16:27:32,323 - https://unifyhas-8e56e.firebaseio.com:443 "GET /users/lnzLhlV3B7UzHv9rPZ4MDUPJApS2.json HTTP/1.1" 200 92
/DEBUG 2020-06-28 16:27:32,567 - https://unifyhas-8e56e.firebaseio.com:443 "GET /users/lnzLhlV3B7UzHv9rPZ4MDUPJApS2.json HTTP/1.1" 200 92
/DEBUG 2020-06-28 16:27:32,885 - https://unifyhas-8e56e.firebaseio.com:443 "GET /users/lnzLhlV3B7UzHv9rPZ4MDUPJApS2.json HTTP/1.1" 200 92
/DEBUG 2020-06-28 16:27:33,127 - https://unifyhas-8e56e.firebaseio.com:443 "GET /users/lnzLhlV3B7UzHv9rPZ4MDUPJApS2.json HTTP/1.1" 200 92
/DEBUG 2020-06-28 16:27:33,367 - https://unifyhas-8e56e.firebaseio.com:443 "GET /users/lnzLhlV3B7UzHv9rPZ4MDUPJApS2.json HTTP/1.1" 200 92
/DEBUG 2020-06-28 16:27:33,608 - https://unifyhas-8e56e.firebaseio.com:443 "GET /users/lnzLhlV3B7UzHv9rPZ4MDUPJApS2.json HTTP/1.1" 200 92
/DEBUG 2020-06-28 16:27:33,923 - https://unifyhas-8e56e.firebaseio.com:443 "GET /users/lnzLhlV3B7UzHv9rPZ4MDUPJApS2.json HTTP/1.1" 200 92
/DEBUG 2020-06-28 16:27:34,165 - https://unifyhas-8e56e.firebaseio.com:443 "GET /users/lnzLhlV3B7UzHv9rPZ4MDUPJApS2.json HTTP/1.1" 200 92
/DEBUG 2020-06-28 16:27:34,405 - https://unifyhas-8e56e.firebaseio.com:443 "GET /users/lnzLhlV3B7UzHv9rPZ4MDUPJApS2.json HTTP/1.1" 200 92
/DEBUG 2020-06-28 16:27:34,647 - https://unifyhas-8e56e.firebaseio.com:443 "GET /users/lnzLhlV3B7UzHv9rPZ4MDUPJApS2.json HTTP/1.1" 200 92
/DEBUG 2020-06-28 16:27:34,899 - https://unifyhas-8e56e.firebaseio.com:443 "GET /users/lnzLhlV3B7UzHv9rPZ4MDUPJApS2.json HTTP/1.1" 200 92
/DEBUG 2020-06-28 16:27:35,203 - https://unifyhas-8e56e.firebaseio.com:443 "GET /users/lnzLhlV3B7UzHv9rPZ4MDUPJApS2.json HTTP/1.1" 200 92
/DEBUG 2020-06-28 16:27:35,446 - https://unifyhas-8e56e.firebaseio.com:443 "GET /users/lnzLhlV3B7UzHv9rPZ4MDUPJApS2.json HTTP/1.1" 200 92
/DEBUG 2020-06-28 16:27:35,683 - https://unifyhas-8e56e.firebaseio.com:443 "GET /users/lnzLhlV3B7UzHv9rPZ4MDUPJApS2.json HTTP/1.1" 200 92
/DEBUG 2020-06-28 16:27:35,934 - https://unifyhas-8e56e.firebaseio.com:443 "GET /users/lnzLhlV3B7UzHv9rPZ4MDUPJApS2.json HTTP/1.1" 200 92
/DEBUG 2020-06-28 16:27:36,242 - https://unifyhas-8e56e.firebaseio.com:443 "GET /users/lnzLhlV3B7UzHv9rPZ4MDUPJApS2.json HTTP/1.1" 200 92
/DEBUG 2020-06-28 16:27:36,487 - https://unifyhas-8e56e.firebaseio.com:443 "GET /users/lnzLhlV3B7UzHv9rPZ4MDUPJApS2.json HTTP/1.1" 200 92
/DEBUG 2020-06-28 16:27:36,494 - Resetting dropped connection: unifyhas-8e56e.firebaseio.com
/DEBUG 2020-06-28 16:27:37,683 - https://unifyhas-8e56e.firebaseio.com:443 "GET /users/lnzLhlV3B7UzHv9rPZ4MDUPJApS2.json HTTP/1.1" 200 92
/DEBUG 2020-06-28 16:27:37,930 - https://unifyhas-8e56e.firebaseio.com:443 "GET /users/lnzLhlV3B7UzHv9rPZ4MDUPJApS2.json HTTP/1.1" 200 92
/DEBUG 2020-06-28 16:27:38,251 - https://unifyhas-8e56e.firebaseio.com:443 "GET /users/lnzLhlV3B7UzHv9rPZ4MDUPJApS2.json HTTP/1.1" 200 92
/DEBUG 2020-06-28 16:27:38,564 - https://unifyhas-8e56e.firebaseio.com:443 "GET /users/lnzLhlV3B7UzHv9rPZ4MDUPJApS2.json HTTP/1.1" 200 92
/DEBUG 2020-06-28 16:27:38,883 - https://unifyhas-8e56e.firebaseio.com:443 "GET /users/lnzLhlV3B7UzHv9rPZ4MDUPJApS2.json HTTP/1.1" 200 92
/DEBUG 2020-06-28 16:27:39,203 - https://unifyhas-8e56e.firebaseio.com:443 "GET /users/lnzLhlV3B7UzHv9rPZ4MDUPJApS2.json HTTP/1.1" 200 92
/DEBUG 2020-06-28 16:27:39,522 - https://unifyhas-8e56e.firebaseio.com:443 "GET /users/lnzLhlV3B7UzHv9rPZ4MDUPJApS2.json HTTP/1.1" 200 92
/DEBUG 2020-06-28 16:27:39,843 - https://unifyhas-8e56e.firebaseio.com:443 "GET /users/lnzLhlV3B7UzHv9rPZ4MDUPJApS2.json HTTP/1.1" 200 92
/DEBUG 2020-06-28 16:27:40,162 - https://unifyhas-8e56e.firebaseio.com:443 "GET /users/lnzLhlV3B7UzHv9rPZ4MDUPJApS2.json HTTP/1.1" 200 92
/DEBUG 2020-06-28 16:27:40,482 - https://unifyhas-8e56e.firebaseio.com:443 "GET /users/lnzLhlV3B7UzHv9rPZ4MDUPJApS2.json HTTP/1.1" 200 92
/DEBUG 2020-06-28 16:27:40,805 - https://unifyhas-8e56e.firebaseio.com:443 "GET /users/lnzLhlV3B7UzHv9rPZ4MDUPJApS2.json HTTP/1.1" 200 92
/DEBUG 2020-06-28 16:27:41,124 - https://unifyhas-8e56e.firebaseio.com:443 "GET /users/lnzLhlV3B7UzHv9rPZ4MDUPJApS2.json HTTP/1.1" 200 92
/DEBUG 2020-06-28 16:27:41,443 - https://unifyhas-8e56e.firebaseio.com:443 "GET /users/lnzLhlV3B7UzHv9rPZ4MDUPJApS2.json HTTP/1.1" 200 92
/DEBUG 2020-06-28 16:27:41,765 - https://unifyhas-8e56e.firebaseio.com:443 "GET /users/lnzLhlV3B7UzHv9rPZ4MDUPJApS2.json HTTP/1.1" 200 92
/DEBUG 2020-06-28 16:27:42,022 - https://unifyhas-8e56e.firebaseio.com:443 "GET /users/lnzLhlV3B7UzHv9rPZ4MDUPJApS2.json HTTP/1.1" 200 92
/DEBUG 2020-06-28 16:27:42,320 - https://unifyhas-8e56e.firebaseio.com:443 "GET /users/lnzLhlV3B7UzHv9rPZ4MDUPJApS2.json HTTP/1.1" 200 92
/DEBUG 2020-06-28 16:27:42,643 - https://unifyhas-8e56e.firebaseio.com:443 "GET /users/lnzLhlV3B7UzHv9rPZ4MDUPJApS2.json HTTP/1.1" 200 92
/DEBUG 2020-06-28 16:27:42,962 - https://unifyhas-8e56e.firebaseio.com:443 "GET /users/lnzLhlV3B7UzHv9rPZ4MDUPJApS2.json HTTP/1.1" 200 92
/DEBUG 2020-06-28 16:27:43,284 - https://unifyhas-8e56e.firebaseio.com:443 "GET /users/lnzLhlV3B7UzHv9rPZ4MDUPJApS2.json HTTP/1.1" 200 92
/DEBUG 2020-06-28 16:27:43,604 - https://unifyhas-8e56e.firebaseio.com:443 "GET /users/lnzLhlV3B7UzHv9rPZ4MDUPJApS2.json HTTP/1.1" 200 92
/DEBUG 2020-06-28 16:27:43,928 - https://unifyhas-8e56e.firebaseio.com:443 "GET /users/lnzLhlV3B7UzHv9rPZ4MDUPJApS2.json HTTP/1.1" 200 92
/DEBUG 2020-06-28 16:27:44,241 - https://unifyhas-8e56e.firebaseio.com:443 "GET /users/lnzLhlV3B7UzHv9rPZ4MDUPJApS2.json HTTP/1.1" 200 92
/DEBUG 2020-06-28 16:27:44,563 - https://unifyhas-8e56e.firebaseio.com:443 "GET /users/lnzLhlV3B7UzHv9rPZ4MDUPJApS2.json HTTP/1.1" 200 92
/DEBUG 2020-06-28 16:27:44,884 - https://unifyhas-8e56e.firebaseio.com:443 "GET /users/lnzLhlV3B7UzHv9rPZ4MDUPJApS2.json HTTP/1.1" 200 92
/DEBUG 2020-06-28 16:27:45,132 - https://unifyhas-8e56e.firebaseio.com:443 "GET /users/lnzLhlV3B7UzHv9rPZ4MDUPJApS2.json HTTP/1.1" 200 92
/DEBUG 2020-06-28 16:27:45,445 - https://unifyhas-8e56e.firebaseio.com:443 "GET /users/lnzLhlV3B7UzHv9rPZ4MDUPJApS2.json HTTP/1.1" 200 92
/DEBUG 2020-06-28 16:27:45,765 - https://unifyhas-8e56e.firebaseio.com:443 "GET /users/lnzLhlV3B7UzHv9rPZ4MDUPJApS2.json HTTP/1.1" 200 92
/DEBUG 2020-06-28 16:27:46,083 - https://unifyhas-8e56e.firebaseio.com:443 "GET /users/lnzLhlV3B7UzHv9rPZ4MDUPJApS2.json HTTP/1.1" 200 92
/DEBUG 2020-06-28 16:27:46,403 - https://unifyhas-8e56e.firebaseio.com:443 "GET /users/lnzLhlV3B7UzHv9rPZ4MDUPJApS2.json HTTP/1.1" 200 92
/DEBUG 2020-06-28 16:27:46,732 - https://unifyhas-8e56e.firebaseio.com:443 "GET /users/lnzLhlV3B7UzHv9rPZ4MDUPJApS2.json HTTP/1.1" 200 92
/DEBUG 2020-06-28 16:27:47,043 - https://unifyhas-8e56e.firebaseio.com:443 "GET /users/lnzLhlV3B7UzHv9rPZ4MDUPJApS2.json HTTP/1.1" 200 92
/DEBUG 2020-06-28 16:27:47,380 - https://unifyhas-8e56e.firebaseio.com:443 "GET /users/lnzLhlV3B7UzHv9rPZ4MDUPJApS2.json HTTP/1.1" 200 92
/DEBUG 2020-06-28 16:27:47,681 - https://unifyhas-8e56e.firebaseio.com:443 "GET /users/lnzLhlV3B7UzHv9rPZ4MDUPJApS2.json HTTP/1.1" 200 92
/DEBUG 2020-06-28 16:27:48,003 - https://unifyhas-8e56e.firebaseio.com:443 "GET /users/lnzLhlV3B7UzHv9rPZ4MDUPJApS2.json HTTP/1.1" 200 92
/DEBUG 2020-06-28 16:27:48,334 - https://unifyhas-8e56e.firebaseio.com:443 "GET /users/lnzLhlV3B7UzHv9rPZ4MDUPJApS2.json HTTP/1.1" 200 92
/DEBUG 2020-06-28 16:27:48,641 - https://unifyhas-8e56e.firebaseio.com:443 "GET /users/lnzLhlV3B7UzHv9rPZ4MDUPJApS2.json HTTP/1.1" 200 92
/DEBUG 2020-06-28 16:27:48,970 - https://unifyhas-8e56e.firebaseio.com:443 "GET /users/lnzLhlV3B7UzHv9rPZ4MDUPJApS2.json HTTP/1.1" 200 92
/DEBUG 2020-06-28 16:27:49,228 - https://unifyhas-8e56e.firebaseio.com:443 "GET /users/lnzLhlV3B7UzHv9rPZ4MDUPJApS2.json HTTP/1.1" 200 92
/DEBUG 2020-06-28 16:27:49,526 - https://unifyhas-8e56e.firebaseio.com:443 "GET /users/lnzLhlV3B7UzHv9rPZ4MDUPJApS2.json HTTP/1.1" 200 92
/DEBUG 2020-06-28 16:27:49,842 - https://unifyhas-8e56e.firebaseio.com:443 "GET /users/lnzLhlV3B7UzHv9rPZ4MDUPJApS2.json HTTP/1.1" 200 92
/DEBUG 2020-06-28 16:27:50,185 - https://unifyhas-8e56e.firebaseio.com:443 "GET /users/lnzLhlV3B7UzHv9rPZ4MDUPJApS2.json HTTP/1.1" 200 92
/DEBUG 2020-06-28 16:27:50,482 - https://unifyhas-8e56e.firebaseio.com:443 "GET /users/lnzLhlV3B7UzHv9rPZ4MDUPJApS2.json HTTP/1.1" 200 92
/DEBUG 2020-06-28 16:27:50,803 - https://unifyhas-8e56e.firebaseio.com:443 "GET /users/lnzLhlV3B7UzHv9rPZ4MDUPJApS2.json HTTP/1.1" 200 92
/DEBUG 2020-06-28 16:27:51,124 - https://unifyhas-8e56e.firebaseio.com:443 "GET /users/lnzLhlV3B7UzHv9rPZ4MDUPJApS2.json HTTP/1.1" 200 92
/DEBUG 2020-06-28 16:27:51,475 - https://unifyhas-8e56e.firebaseio.com:443 "GET /users/lnzLhlV3B7UzHv9rPZ4MDUPJApS2.json HTTP/1.1" 200 92
/DEBUG 2020-06-28 16:27:51,762 - https://unifyhas-8e56e.firebaseio.com:443 "GET /users/lnzLhlV3B7UzHv9rPZ4MDUPJApS2.json HTTP/1.1" 200 92
/DEBUG 2020-06-28 16:27:52,017 - https://unifyhas-8e56e.firebaseio.com:443 "GET /users/lnzLhlV3B7UzHv9rPZ4MDUPJApS2.json HTTP/1.1" 200 92
/DEBUG 2020-06-28 16:27:52,324 - https://unifyhas-8e56e.firebaseio.com:443 "GET /users/lnzLhlV3B7UzHv9rPZ4MDUPJApS2.json HTTP/1.1" 200 92
/DEBUG 2020-06-28 16:27:52,584 - https://unifyhas-8e56e.firebaseio.com:443 "GET /users/lnzLhlV3B7UzHv9rPZ4MDUPJApS2.json HTTP/1.1" 200 92
/DEBUG 2020-06-28 16:27:52,836 - https://unifyhas-8e56e.firebaseio.com:443 "GET /users/lnzLhlV3B7UzHv9rPZ4MDUPJApS2.json HTTP/1.1" 200 92
/DEBUG 2020-06-28 16:27:53,125 - https://unifyhas-8e56e.firebaseio.com:443 "GET /users/lnzLhlV3B7UzHv9rPZ4MDUPJApS2.json HTTP/1.1" 200 92
/DEBUG 2020-06-28 16:27:53,445 - https://unifyhas-8e56e.firebaseio.com:443 "GET /users/lnzLhlV3B7UzHv9rPZ4MDUPJApS2.json HTTP/1.1" 200 92
/DEBUG 2020-06-28 16:27:53,764 - https://unifyhas-8e56e.firebaseio.com:443 "GET /users/lnzLhlV3B7UzHv9rPZ4MDUPJApS2.json HTTP/1.1" 200 92
/DEBUG 2020-06-28 16:27:54,084 - https://unifyhas-8e56e.firebaseio.com:443 "GET /users/lnzLhlV3B7UzHv9rPZ4MDUPJApS2.json HTTP/1.1" 200 92
/DEBUG 2020-06-28 16:27:54,404 - https://unifyhas-8e56e.firebaseio.com:443 "GET /users/lnzLhlV3B7UzHv9rPZ4MDUPJApS2.json HTTP/1.1" 200 92
/DEBUG 2020-06-28 16:27:54,721 - https://unifyhas-8e56e.firebaseio.com:443 "GET /users/lnzLhlV3B7UzHv9rPZ4MDUPJApS2.json HTTP/1.1" 200 92
/DEBUG 2020-06-28 16:27:55,043 - https://unifyhas-8e56e.firebaseio.com:443 "GET /users/lnzLhlV3B7UzHv9rPZ4MDUPJApS2.json HTTP/1.1" 200 92
/DEBUG 2020-06-28 16:27:55,365 - https://unifyhas-8e56e.firebaseio.com:443 "GET /users/lnzLhlV3B7UzHv9rPZ4MDUPJApS2.json HTTP/1.1" 200 92
/DEBUG 2020-06-28 16:27:55,610 - https://unifyhas-8e56e.firebaseio.com:443 "GET /users/lnzLhlV3B7UzHv9rPZ4MDUPJApS2.json HTTP/1.1" 200 92
/DEBUG 2020-06-28 16:27:55,922 - https://unifyhas-8e56e.firebaseio.com:443 "GET /users/lnzLhlV3B7UzHv9rPZ4MDUPJApS2.json HTTP/1.1" 200 92
/DEBUG 2020-06-28 16:27:56,173 - https://unifyhas-8e56e.firebaseio.com:443 "GET /users/lnzLhlV3B7UzHv9rPZ4MDUPJApS2.json HTTP/1.1" 200 92
/DEBUG 2020-06-28 16:27:56,421 - https://unifyhas-8e56e.firebaseio.com:443 "GET /users/lnzLhlV3B7UzHv9rPZ4MDUPJApS2.json HTTP/1.1" 200 92
/DEBUG 2020-06-28 16:27:56,723 - https://unifyhas-8e56e.firebaseio.com:443 "GET /users/lnzLhlV3B7UzHv9rPZ4MDUPJApS2.json HTTP/1.1" 200 92
/DEBUG 2020-06-28 16:27:57,040 - https://unifyhas-8e56e.firebaseio.com:443 "GET /users/lnzLhlV3B7UzHv9rPZ4MDUPJApS2.json HTTP/1.1" 200 92
/DEBUG 2020-06-28 16:27:57,327 - https://unifyhas-8e56e.firebaseio.com:443 "GET /users/lnzLhlV3B7UzHv9rPZ4MDUPJApS2.json HTTP/1.1" 200 92
/DEBUG 2020-06-28 16:27:57,602 - https://unifyhas-8e56e.firebaseio.com:443 "GET /users/lnzLhlV3B7UzHv9rPZ4MDUPJApS2.json HTTP/1.1" 200 92
/DEBUG 2020-06-28 16:27:57,923 - https://unifyhas-8e56e.firebaseio.com:443 "GET /users/lnzLhlV3B7UzHv9rPZ4MDUPJApS2.json HTTP/1.1" 200 92
/DEBUG 2020-06-28 16:27:58,244 - https://unifyhas-8e56e.firebaseio.com:443 "GET /users/lnzLhlV3B7UzHv9rPZ4MDUPJApS2.json HTTP/1.1" 200 92
/DEBUG 2020-06-28 16:27:58,495 - https://unifyhas-8e56e.firebaseio.com:443 "GET /users/lnzLhlV3B7UzHv9rPZ4MDUPJApS2.json HTTP/1.1" 200 92
/DEBUG 2020-06-28 16:27:59,156 - https://unifyhas-8e56e.firebaseio.com:443 "GET /users/lnzLhlV3B7UzHv9rPZ4MDUPJApS2.json HTTP/1.1" 200 92
/DEBUG 2020-06-28 16:27:59,446 - https://unifyhas-8e56e.firebaseio.com:443 "GET /users/lnzLhlV3B7UzHv9rPZ4MDUPJApS2.json HTTP/1.1" 200 92
/DEBUG 2020-06-28 16:27:59,771 - https://unifyhas-8e56e.firebaseio.com:443 "GET /users/lnzLhlV3B7UzHv9rPZ4MDUPJApS2.json HTTP/1.1" 200 92
/DEBUG 2020-06-28 16:28:00,090 - https://unifyhas-8e56e.firebaseio.com:443 "GET /users/lnzLhlV3B7UzHv9rPZ4MDUPJApS2.json HTTP/1.1" 200 92
/DEBUG 2020-06-28 16:28:00,429 - https://unifyhas-8e56e.firebaseio.com:443 "GET /users/lnzLhlV3B7UzHv9rPZ4MDUPJApS2.json HTTP/1.1" 200 92
/DEBUG 2020-06-28 16:28:00,723 - https://unifyhas-8e56e.firebaseio.com:443 "GET /users/lnzLhlV3B7UzHv9rPZ4MDUPJApS2.json HTTP/1.1" 200 92
/DEBUG 2020-06-28 16:28:01,042 - https://unifyhas-8e56e.firebaseio.com:443 "GET /users/lnzLhlV3B7UzHv9rPZ4MDUPJApS2.json HTTP/1.1" 200 92
/DEBUG 2020-06-28 16:28:01,364 - https://unifyhas-8e56e.firebaseio.com:443 "GET /users/lnzLhlV3B7UzHv9rPZ4MDUPJApS2.json HTTP/1.1" 200 92
/DEBUG 2020-06-28 16:28:01,716 - https://unifyhas-8e56e.firebaseio.com:443 "GET /users/lnzLhlV3B7UzHv9rPZ4MDUPJApS2.json HTTP/1.1" 200 92
/DEBUG 2020-06-28 16:28:01,971 - https://unifyhas-8e56e.firebaseio.com:443 "GET /users/lnzLhlV3B7UzHv9rPZ4MDUPJApS2.json HTTP/1.1" 200 92
/DEBUG 2020-06-28 16:28:03,284 - https://unifyhas-8e56e.firebaseio.com:443 "GET /users/lnzLhlV3B7UzHv9rPZ4MDUPJApS2.json HTTP/1.1" 200 92
/DEBUG 2020-06-28 16:28:03,542 - https://unifyhas-8e56e.firebaseio.com:443 "GET /users/lnzLhlV3B7UzHv9rPZ4MDUPJApS2.json HTTP/1.1" 200 92
/DEBUG 2020-06-28 16:28:03,843 - https://unifyhas-8e56e.firebaseio.com:443 "GET /users/lnzLhlV3B7UzHv9rPZ4MDUPJApS2.json HTTP/1.1" 200 92
/DEBUG 2020-06-28 16:28:04,163 - https://unifyhas-8e56e.firebaseio.com:443 "GET /users/lnzLhlV3B7UzHv9rPZ4MDUPJApS2.json HTTP/1.1" 200 92
/DEBUG 2020-06-28 16:28:04,485 - https://unifyhas-8e56e.firebaseio.com:443 "GET /users/lnzLhlV3B7UzHv9rPZ4MDUPJApS2.json HTTP/1.1" 200 92
/DEBUG 2020-06-28 16:28:04,805 - https://unifyhas-8e56e.firebaseio.com:443 "GET /users/lnzLhlV3B7UzHv9rPZ4MDUPJApS2.json HTTP/1.1" 200 92
/DEBUG 2020-06-28 16:28:05,122 - https://unifyhas-8e56e.firebaseio.com:443 "GET /users/lnzLhlV3B7UzHv9rPZ4MDUPJApS2.json HTTP/1.1" 200 92
/DEBUG 2020-06-28 16:28:05,446 - https://unifyhas-8e56e.firebaseio.com:443 "GET /users/lnzLhlV3B7UzHv9rPZ4MDUPJApS2.json HTTP/1.1" 200 92
/DEBUG 2020-06-28 16:28:05,699 - https://unifyhas-8e56e.firebaseio.com:443 "GET /users/lnzLhlV3B7UzHv9rPZ4MDUPJApS2.json HTTP/1.1" 200 92
/DEBUG 2020-06-28 16:28:05,958 - https://unifyhas-8e56e.firebaseio.com:443 "GET /users/lnzLhlV3B7UzHv9rPZ4MDUPJApS2.json HTTP/1.1" 200 92
/DEBUG 2020-06-28 16:28:06,220 - https://unifyhas-8e56e.firebaseio.com:443 "GET /users/lnzLhlV3B7UzHv9rPZ4MDUPJApS2.json HTTP/1.1" 200 92
/DEBUG 2020-06-28 16:28:06,478 - https://unifyhas-8e56e.firebaseio.com:443 "GET /users/lnzLhlV3B7UzHv9rPZ4MDUPJApS2.json HTTP/1.1" 200 92
/DEBUG 2020-06-28 16:28:06,819 - https://unifyhas-8e56e.firebaseio.com:443 "GET /users/lnzLhlV3B7UzHv9rPZ4MDUPJApS2.json HTTP/1.1" 200 92
/DEBUG 2020-06-28 16:28:07,076 - https://unifyhas-8e56e.firebaseio.com:443 "GET /users/lnzLhlV3B7UzHv9rPZ4MDUPJApS2.json HTTP/1.1" 200 92
/DEBUG 2020-06-28 16:28:07,373 - https://unifyhas-8e56e.firebaseio.com:443 "GET /users/lnzLhlV3B7UzHv9rPZ4MDUPJApS2.json HTTP/1.1" 200 92
/DEBUG 2020-06-28 16:28:07,690 - https://unifyhas-8e56e.firebaseio.com:443 "GET /users/lnzLhlV3B7UzHv9rPZ4MDUPJApS2.json HTTP/1.1" 200 92
/DEBUG 2020-06-28 16:28:08,004 - https://unifyhas-8e56e.firebaseio.com:443 "GET /users/lnzLhlV3B7UzHv9rPZ4MDUPJApS2.json HTTP/1.1" 200 92
/DEBUG 2020-06-28 16:28:08,327 - https://unifyhas-8e56e.firebaseio.com:443 "GET /users/lnzLhlV3B7UzHv9rPZ4MDUPJApS2.json HTTP/1.1" 200 92
/DEBUG 2020-06-28 16:28:08,643 - https://unifyhas-8e56e.firebaseio.com:443 "GET /users/lnzLhlV3B7UzHv9rPZ4MDUPJApS2.json HTTP/1.1" 200 92
/DEBUG 2020-06-28 16:28:08,970 - https://unifyhas-8e56e.firebaseio.com:443 "GET /users/lnzLhlV3B7UzHv9rPZ4MDUPJApS2.json HTTP/1.1" 200 92
/DEBUG 2020-06-28 16:28:09,281 - https://unifyhas-8e56e.firebaseio.com:443 "GET /users/lnzLhlV3B7UzHv9rPZ4MDUPJApS2.json HTTP/1.1" 200 92
/DEBUG 2020-06-28 16:28:09,288 - Resetting dropped connection: unifyhas-8e56e.firebaseio.com
/DEBUG 2020-06-28 16:28:10,173 - https://unifyhas-8e56e.firebaseio.com:443 "GET /users/lnzLhlV3B7UzHv9rPZ4MDUPJApS2.json HTTP/1.1" 200 92
/DEBUG 2020-06-28 16:28:10,404 - https://unifyhas-8e56e.firebaseio.com:443 "GET /users/lnzLhlV3B7UzHv9rPZ4MDUPJApS2.json HTTP/1.1" 200 92
/DEBUG 2020-06-28 16:28:10,651 - https://unifyhas-8e56e.firebaseio.com:443 "GET /users/lnzLhlV3B7UzHv9rPZ4MDUPJApS2.json HTTP/1.1" 200 92
/DEBUG 2020-06-28 16:28:10,963 - https://unifyhas-8e56e.firebaseio.com:443 "GET /users/lnzLhlV3B7UzHv9rPZ4MDUPJApS2.json HTTP/1.1" 200 92
/DEBUG 2020-06-28 16:28:11,206 - https://unifyhas-8e56e.firebaseio.com:443 "GET /users/lnzLhlV3B7UzHv9rPZ4MDUPJApS2.json HTTP/1.1" 200 92
/DEBUG 2020-06-28 16:28:11,498 - https://unifyhas-8e56e.firebaseio.com:443 "GET /users/lnzLhlV3B7UzHv9rPZ4MDUPJApS2.json HTTP/1.1" 200 92
/DEBUG 2020-06-28 16:28:11,762 - https://unifyhas-8e56e.firebaseio.com:443 "GET /users/lnzLhlV3B7UzHv9rPZ4MDUPJApS2.json HTTP/1.1" 200 92
/DEBUG 2020-06-28 16:28:12,007 - https://unifyhas-8e56e.firebaseio.com:443 "GET /users/lnzLhlV3B7UzHv9rPZ4MDUPJApS2.json HTTP/1.1" 200 92
/DEBUG 2020-06-28 16:28:12,245 - https://unifyhas-8e56e.firebaseio.com:443 "GET /users/lnzLhlV3B7UzHv9rPZ4MDUPJApS2.json HTTP/1.1" 200 92
/DEBUG 2020-06-28 16:28:12,496 - https://unifyhas-8e56e.firebaseio.com:443 "GET /users/lnzLhlV3B7UzHv9rPZ4MDUPJApS2.json HTTP/1.1" 200 92
/DEBUG 2020-06-28 16:28:12,737 - https://unifyhas-8e56e.firebaseio.com:443 "GET /users/lnzLhlV3B7UzHv9rPZ4MDUPJApS2.json HTTP/1.1" 200 92
/DEBUG 2020-06-28 16:28:12,975 - https://unifyhas-8e56e.firebaseio.com:443 "GET /users/lnzLhlV3B7UzHv9rPZ4MDUPJApS2.json HTTP/1.1" 200 92
/DEBUG 2020-06-28 16:28:13,220 - https://unifyhas-8e56e.firebaseio.com:443 "GET /users/lnzLhlV3B7UzHv9rPZ4MDUPJApS2.json HTTP/1.1" 200 92
/DEBUG 2020-06-28 16:28:13,455 - https://unifyhas-8e56e.firebaseio.com:443 "GET /users/lnzLhlV3B7UzHv9rPZ4MDUPJApS2.json HTTP/1.1" 200 92
/DEBUG 2020-06-28 16:28:13,763 - https://unifyhas-8e56e.firebaseio.com:443 "GET /users/lnzLhlV3B7UzHv9rPZ4MDUPJApS2.json HTTP/1.1" 200 92
/DEBUG 2020-06-28 16:28:14,006 - https://unifyhas-8e56e.firebaseio.com:443 "GET /users/lnzLhlV3B7UzHv9rPZ4MDUPJApS2.json HTTP/1.1" 200 92
/DEBUG 2020-06-28 16:28:14,247 - https://unifyhas-8e56e.firebaseio.com:443 "GET /users/lnzLhlV3B7UzHv9rPZ4MDUPJApS2.json HTTP/1.1" 200 92
/DEBUG 2020-06-28 16:28:14,571 - https://unifyhas-8e56e.firebaseio.com:443 "GET /users/lnzLhlV3B7UzHv9rPZ4MDUPJApS2.json HTTP/1.1" 200 92
/DEBUG 2020-06-28 16:28:14,889 - https://unifyhas-8e56e.firebaseio.com:443 "GET /users/lnzLhlV3B7UzHv9rPZ4MDUPJApS2.json HTTP/1.1" 200 92
/DEBUG 2020-06-28 16:28:15,202 - https://unifyhas-8e56e.firebaseio.com:443 "GET /users/lnzLhlV3B7UzHv9rPZ4MDUPJApS2.json HTTP/1.1" 200 92
/DEBUG 2020-06-28 16:28:15,444 - https://unifyhas-8e56e.firebaseio.com:443 "GET /users/lnzLhlV3B7UzHv9rPZ4MDUPJApS2.json HTTP/1.1" 200 92
/DEBUG 2020-06-28 16:28:15,683 - https://unifyhas-8e56e.firebaseio.com:443 "GET /users/lnzLhlV3B7UzHv9rPZ4MDUPJApS2.json HTTP/1.1" 200 92
/DEBUG 2020-06-28 16:28:15,925 - https://unifyhas-8e56e.firebaseio.com:443 "GET /users/lnzLhlV3B7UzHv9rPZ4MDUPJApS2.json HTTP/1.1" 200 92
/DEBUG 2020-06-28 16:28:16,165 - https://unifyhas-8e56e.firebaseio.com:443 "GET /users/lnzLhlV3B7UzHv9rPZ4MDUPJApS2.json HTTP/1.1" 200 92
/DEBUG 2020-06-28 16:28:16,405 - https://unifyhas-8e56e.firebaseio.com:443 "GET /users/lnzLhlV3B7UzHv9rPZ4MDUPJApS2.json HTTP/1.1" 200 92
/DEBUG 2020-06-28 16:28:16,724 - https://unifyhas-8e56e.firebaseio.com:443 "GET /users/lnzLhlV3B7UzHv9rPZ4MDUPJApS2.json HTTP/1.1" 200 92
/DEBUG 2020-06-28 16:28:16,967 - https://unifyhas-8e56e.firebaseio.com:443 "GET /users/lnzLhlV3B7UzHv9rPZ4MDUPJApS2.json HTTP/1.1" 200 92
/DEBUG 2020-06-28 16:28:17,221 - https://unifyhas-8e56e.firebaseio.com:443 "GET /users/lnzLhlV3B7UzHv9rPZ4MDUPJApS2.json HTTP/1.1" 200 92
/DEBUG 2020-06-28 16:28:17,462 - https://unifyhas-8e56e.firebaseio.com:443 "GET /users/lnzLhlV3B7UzHv9rPZ4MDUPJApS2.json HTTP/1.1" 200 92
/DEBUG 2020-06-28 16:28:17,771 - https://unifyhas-8e56e.firebaseio.com:443 "GET /users/lnzLhlV3B7UzHv9rPZ4MDUPJApS2.json HTTP/1.1" 200 92
/DEBUG 2020-06-28 16:28:18,096 - https://unifyhas-8e56e.firebaseio.com:443 "GET /users/lnzLhlV3B7UzHv9rPZ4MDUPJApS2.json HTTP/1.1" 200 92
/DEBUG 2020-06-28 16:28:18,403 - https://unifyhas-8e56e.firebaseio.com:443 "GET /users/lnzLhlV3B7UzHv9rPZ4MDUPJApS2.json HTTP/1.1" 200 92
/DEBUG 2020-06-28 16:28:19,653 - https://unifyhas-8e56e.firebaseio.com:443 "GET /users/lnzLhlV3B7UzHv9rPZ4MDUPJApS2.json HTTP/1.1" 200 92
/DEBUG 2020-06-28 16:28:19,918 - https://unifyhas-8e56e.firebaseio.com:443 "GET /users/lnzLhlV3B7UzHv9rPZ4MDUPJApS2.json HTTP/1.1" 200 92
/DEBUG 2020-06-28 16:28:20,167 - https://unifyhas-8e56e.firebaseio.com:443 "GET /users/lnzLhlV3B7UzHv9rPZ4MDUPJApS2.json HTTP/1.1" 200 92
/DEBUG 2020-06-28 16:28:20,489 - https://unifyhas-8e56e.firebaseio.com:443 "GET /users/lnzLhlV3B7UzHv9rPZ4MDUPJApS2.json HTTP/1.1" 200 92
/DEBUG 2020-06-28 16:28:20,803 - https://unifyhas-8e56e.firebaseio.com:443 "GET /users/lnzLhlV3B7UzHv9rPZ4MDUPJApS2.json HTTP/1.1" 200 92
/DEBUG 2020-06-28 16:28:21,123 - https://unifyhas-8e56e.firebaseio.com:443 "GET /users/lnzLhlV3B7UzHv9rPZ4MDUPJApS2.json HTTP/1.1" 200 92
/DEBUG 2020-06-28 16:28:21,442 - https://unifyhas-8e56e.firebaseio.com:443 "GET /users/lnzLhlV3B7UzHv9rPZ4MDUPJApS2.json HTTP/1.1" 200 92
/DEBUG 2020-06-28 16:28:21,702 - https://unifyhas-8e56e.firebaseio.com:443 "GET /users/lnzLhlV3B7UzHv9rPZ4MDUPJApS2.json HTTP/1.1" 200 92
/DEBUG 2020-06-28 16:28:21,947 - https://unifyhas-8e56e.firebaseio.com:443 "GET /users/lnzLhlV3B7UzHv9rPZ4MDUPJApS2.json HTTP/1.1" 200 92
/DEBUG 2020-06-28 16:28:22,241 - https://unifyhas-8e56e.firebaseio.com:443 "GET /users/lnzLhlV3B7UzHv9rPZ4MDUPJApS2.json HTTP/1.1" 200 92
/DEBUG 2020-06-28 16:28:22,487 - https://unifyhas-8e56e.firebaseio.com:443 "GET /users/lnzLhlV3B7UzHv9rPZ4MDUPJApS2.json HTTP/1.1" 200 92
/DEBUG 2020-06-28 16:28:22,728 - https://unifyhas-8e56e.firebaseio.com:443 "GET /users/lnzLhlV3B7UzHv9rPZ4MDUPJApS2.json HTTP/1.1" 200 92
/DEBUG 2020-06-28 16:28:22,990 - https://unifyhas-8e56e.firebaseio.com:443 "GET /users/lnzLhlV3B7UzHv9rPZ4MDUPJApS2.json HTTP/1.1" 200 92
/DEBUG 2020-06-28 16:28:23,244 - https://unifyhas-8e56e.firebaseio.com:443 "GET /users/lnzLhlV3B7UzHv9rPZ4MDUPJApS2.json HTTP/1.1" 200 92
/DEBUG 2020-06-28 16:28:23,494 - https://unifyhas-8e56e.firebaseio.com:443 "GET /users/lnzLhlV3B7UzHv9rPZ4MDUPJApS2.json HTTP/1.1" 200 92
/DEBUG 2020-06-28 16:28:23,762 - https://unifyhas-8e56e.firebaseio.com:443 "GET /users/lnzLhlV3B7UzHv9rPZ4MDUPJApS2.json HTTP/1.1" 200 92
/DEBUG 2020-06-28 16:28:24,080 - https://unifyhas-8e56e.firebaseio.com:443 "GET /users/lnzLhlV3B7UzHv9rPZ4MDUPJApS2.json HTTP/1.1" 200 92
/DEBUG 2020-06-28 16:28:24,402 - https://unifyhas-8e56e.firebaseio.com:443 "GET /users/lnzLhlV3B7UzHv9rPZ4MDUPJApS2.json HTTP/1.1" 200 92
/DEBUG 2020-06-28 16:28:24,738 - https://unifyhas-8e56e.firebaseio.com:443 "GET /users/lnzLhlV3B7UzHv9rPZ4MDUPJApS2.json HTTP/1.1" 200 92
/DEBUG 2020-06-28 16:28:25,053 - https://unifyhas-8e56e.firebaseio.com:443 "GET /users/lnzLhlV3B7UzHv9rPZ4MDUPJApS2.json HTTP/1.1" 200 92
/DEBUG 2020-06-28 16:28:25,376 - https://unifyhas-8e56e.firebaseio.com:443 "GET /users/lnzLhlV3B7UzHv9rPZ4MDUPJApS2.json HTTP/1.1" 200 92
/DEBUG 2020-06-28 16:28:25,682 - https://unifyhas-8e56e.firebaseio.com:443 "GET /users/lnzLhlV3B7UzHv9rPZ4MDUPJApS2.json HTTP/1.1" 200 92
/DEBUG 2020-06-28 16:28:26,144 - https://unifyhas-8e56e.firebaseio.com:443 "GET /users/lnzLhlV3B7UzHv9rPZ4MDUPJApS2.json HTTP/1.1" 200 92
/DEBUG 2020-06-28 16:28:26,399 - https://unifyhas-8e56e.firebaseio.com:443 "GET /users/lnzLhlV3B7UzHv9rPZ4MDUPJApS2.json HTTP/1.1" 200 92
/DEBUG 2020-06-28 16:28:26,722 - https://unifyhas-8e56e.firebaseio.com:443 "GET /users/lnzLhlV3B7UzHv9rPZ4MDUPJApS2.json HTTP/1.1" 200 92
/DEBUG 2020-06-28 16:28:26,976 - https://unifyhas-8e56e.firebaseio.com:443 "GET /users/lnzLhlV3B7UzHv9rPZ4MDUPJApS2.json HTTP/1.1" 200 92
/DEBUG 2020-06-28 16:28:27,217 - https://unifyhas-8e56e.firebaseio.com:443 "GET /users/lnzLhlV3B7UzHv9rPZ4MDUPJApS2.json HTTP/1.1" 200 92
/DEBUG 2020-06-28 16:28:27,529 - https://unifyhas-8e56e.firebaseio.com:443 "GET /users/lnzLhlV3B7UzHv9rPZ4MDUPJApS2.json HTTP/1.1" 200 92
/DEBUG 2020-06-28 16:28:27,847 - https://unifyhas-8e56e.firebaseio.com:443 "GET /users/lnzLhlV3B7UzHv9rPZ4MDUPJApS2.json HTTP/1.1" 200 92
/DEBUG 2020-06-28 16:28:28,159 - https://unifyhas-8e56e.firebaseio.com:443 "GET /users/lnzLhlV3B7UzHv9rPZ4MDUPJApS2.json HTTP/1.1" 200 92
/DEBUG 2020-06-28 16:28:28,432 - https://unifyhas-8e56e.firebaseio.com:443 "GET /users/lnzLhlV3B7UzHv9rPZ4MDUPJApS2.json HTTP/1.1" 200 92
/DEBUG 2020-06-28 16:28:28,721 - https://unifyhas-8e56e.firebaseio.com:443 "GET /users/lnzLhlV3B7UzHv9rPZ4MDUPJApS2.json HTTP/1.1" 200 92
/DEBUG 2020-06-28 16:28:29,040 - https://unifyhas-8e56e.firebaseio.com:443 "GET /users/lnzLhlV3B7UzHv9rPZ4MDUPJApS2.json HTTP/1.1" 200 92
/DEBUG 2020-06-28 16:28:29,362 - https://unifyhas-8e56e.firebaseio.com:443 "GET /users/lnzLhlV3B7UzHv9rPZ4MDUPJApS2.json HTTP/1.1" 200 92
/DEBUG 2020-06-28 16:28:29,607 - https://unifyhas-8e56e.firebaseio.com:443 "GET /users/lnzLhlV3B7UzHv9rPZ4MDUPJApS2.json HTTP/1.1" 200 92
/DEBUG 2020-06-28 16:28:29,924 - https://unifyhas-8e56e.firebaseio.com:443 "GET /users/lnzLhlV3B7UzHv9rPZ4MDUPJApS2.json HTTP/1.1" 200 92
/DEBUG 2020-06-28 16:28:30,172 - https://unifyhas-8e56e.firebaseio.com:443 "GET /users/lnzLhlV3B7UzHv9rPZ4MDUPJApS2.json HTTP/1.1" 200 92
/DEBUG 2020-06-28 16:28:30,484 - https://unifyhas-8e56e.firebaseio.com:443 "GET /users/lnzLhlV3B7UzHv9rPZ4MDUPJApS2.json HTTP/1.1" 200 92
/DEBUG 2020-06-28 16:28:30,723 - https://unifyhas-8e56e.firebaseio.com:443 "GET /users/lnzLhlV3B7UzHv9rPZ4MDUPJApS2.json HTTP/1.1" 200 92
/DEBUG 2020-06-28 16:28:30,964 - https://unifyhas-8e56e.firebaseio.com:443 "GET /users/lnzLhlV3B7UzHv9rPZ4MDUPJApS2.json HTTP/1.1" 200 92
/DEBUG 2020-06-28 16:28:31,205 - https://unifyhas-8e56e.firebaseio.com:443 "GET /users/lnzLhlV3B7UzHv9rPZ4MDUPJApS2.json HTTP/1.1" 200 92
/DEBUG 2020-06-28 16:28:31,447 - https://unifyhas-8e56e.firebaseio.com:443 "GET /users/lnzLhlV3B7UzHv9rPZ4MDUPJApS2.json HTTP/1.1" 200 92
/DEBUG 2020-06-28 16:28:31,760 - https://unifyhas-8e56e.firebaseio.com:443 "GET /users/lnzLhlV3B7UzHv9rPZ4MDUPJApS2.json HTTP/1.1" 200 92
/DEBUG 2020-06-28 16:28:32,007 - https://unifyhas-8e56e.firebaseio.com:443 "GET /users/lnzLhlV3B7UzHv9rPZ4MDUPJApS2.json HTTP/1.1" 200 92
/DEBUG 2020-06-28 16:28:32,323 - https://unifyhas-8e56e.firebaseio.com:443 "GET /users/lnzLhlV3B7UzHv9rPZ4MDUPJApS2.json HTTP/1.1" 200 92
/DEBUG 2020-06-28 16:28:32,565 - https://unifyhas-8e56e.firebaseio.com:443 "GET /users/lnzLhlV3B7UzHv9rPZ4MDUPJApS2.json HTTP/1.1" 200 92
/DEBUG 2020-06-28 16:28:32,803 - https://unifyhas-8e56e.firebaseio.com:443 "GET /users/lnzLhlV3B7UzHv9rPZ4MDUPJApS2.json HTTP/1.1" 200 92
/DEBUG 2020-06-28 16:28:33,047 - https://unifyhas-8e56e.firebaseio.com:443 "GET /users/lnzLhlV3B7UzHv9rPZ4MDUPJApS2.json HTTP/1.1" 200 92
/DEBUG 2020-06-28 16:28:33,362 - https://unifyhas-8e56e.firebaseio.com:443 "GET /users/lnzLhlV3B7UzHv9rPZ4MDUPJApS2.json HTTP/1.1" 200 92
/DEBUG 2020-06-28 16:28:33,608 - https://unifyhas-8e56e.firebaseio.com:443 "GET /users/lnzLhlV3B7UzHv9rPZ4MDUPJApS2.json HTTP/1.1" 200 92
/DEBUG 2020-06-28 16:28:33,856 - https://unifyhas-8e56e.firebaseio.com:443 "GET /users/lnzLhlV3B7UzHv9rPZ4MDUPJApS2.json HTTP/1.1" 200 92
/DEBUG 2020-06-28 16:28:34,175 - https://unifyhas-8e56e.firebaseio.com:443 "GET /users/lnzLhlV3B7UzHv9rPZ4MDUPJApS2.json HTTP/1.1" 200 92
/DEBUG 2020-06-28 16:28:34,432 - https://unifyhas-8e56e.firebaseio.com:443 "GET /users/lnzLhlV3B7UzHv9rPZ4MDUPJApS2.json HTTP/1.1" 200 92
/DEBUG 2020-06-28 16:28:34,673 - https://unifyhas-8e56e.firebaseio.com:443 "GET /users/lnzLhlV3B7UzHv9rPZ4MDUPJApS2.json HTTP/1.1" 200 92
/DEBUG 2020-06-28 16:28:34,987 - https://unifyhas-8e56e.firebaseio.com:443 "GET /users/lnzLhlV3B7UzHv9rPZ4MDUPJApS2.json HTTP/1.1" 200 92
/DEBUG 2020-06-28 16:28:35,282 - https://unifyhas-8e56e.firebaseio.com:443 "GET /users/lnzLhlV3B7UzHv9rPZ4MDUPJApS2.json HTTP/1.1" 200 92
/DEBUG 2020-06-28 16:28:35,527 - https://unifyhas-8e56e.firebaseio.com:443 "GET /users/lnzLhlV3B7UzHv9rPZ4MDUPJApS2.json HTTP/1.1" 200 92
/DEBUG 2020-06-28 16:28:35,841 - https://unifyhas-8e56e.firebaseio.com:443 "GET /users/lnzLhlV3B7UzHv9rPZ4MDUPJApS2.json HTTP/1.1" 200 92
/DEBUG 2020-06-28 16:28:36,084 - https://unifyhas-8e56e.firebaseio.com:443 "GET /users/lnzLhlV3B7UzHv9rPZ4MDUPJApS2.json HTTP/1.1" 200 92
/DEBUG 2020-06-28 16:28:36,352 - https://unifyhas-8e56e.firebaseio.com:443 "GET /users/lnzLhlV3B7UzHv9rPZ4MDUPJApS2.json HTTP/1.1" 200 92
/DEBUG 2020-06-28 16:28:36,651 - https://unifyhas-8e56e.firebaseio.com:443 "GET /users/lnzLhlV3B7UzHv9rPZ4MDUPJApS2.json HTTP/1.1" 200 92
/DEBUG 2020-06-28 16:28:36,962 - https://unifyhas-8e56e.firebaseio.com:443 "GET /users/lnzLhlV3B7UzHv9rPZ4MDUPJApS2.json HTTP/1.1" 200 92
/DEBUG 2020-06-28 16:28:37,282 - https://unifyhas-8e56e.firebaseio.com:443 "GET /users/lnzLhlV3B7UzHv9rPZ4MDUPJApS2.json HTTP/1.1" 200 92
/DEBUG 2020-06-28 16:28:37,540 - https://unifyhas-8e56e.firebaseio.com:443 "GET /users/lnzLhlV3B7UzHv9rPZ4MDUPJApS2.json HTTP/1.1" 200 92
/DEBUG 2020-06-28 16:28:37,839 - https://unifyhas-8e56e.firebaseio.com:443 "GET /users/lnzLhlV3B7UzHv9rPZ4MDUPJApS2.json HTTP/1.1" 200 92
/DEBUG 2020-06-28 16:28:38,087 - https://unifyhas-8e56e.firebaseio.com:443 "GET /users/lnzLhlV3B7UzHv9rPZ4MDUPJApS2.json HTTP/1.1" 200 92
/DEBUG 2020-06-28 16:28:38,335 - https://unifyhas-8e56e.firebaseio.com:443 "GET /users/lnzLhlV3B7UzHv9rPZ4MDUPJApS2.json HTTP/1.1" 200 92
/DEBUG 2020-06-28 16:28:38,583 - https://unifyhas-8e56e.firebaseio.com:443 "GET /users/lnzLhlV3B7UzHv9rPZ4MDUPJApS2.json HTTP/1.1" 200 92
/DEBUG 2020-06-28 16:28:38,591 - Resetting dropped connection: unifyhas-8e56e.firebaseio.com
/DEBUG 2020-06-28 16:28:39,526 - https://unifyhas-8e56e.firebaseio.com:443 "GET /users/lnzLhlV3B7UzHv9rPZ4MDUPJApS2.json HTTP/1.1" 200 92
/DEBUG 2020-06-28 16:28:39,765 - https://unifyhas-8e56e.firebaseio.com:443 "GET /users/lnzLhlV3B7UzHv9rPZ4MDUPJApS2.json HTTP/1.1" 200 92
/DEBUG 2020-06-28 16:28:40,007 - https://unifyhas-8e56e.firebaseio.com:443 "GET /users/lnzLhlV3B7UzHv9rPZ4MDUPJApS2.json HTTP/1.1" 200 92
/DEBUG 2020-06-28 16:28:41,396 - https://unifyhas-8e56e.firebaseio.com:443 "GET /users/lnzLhlV3B7UzHv9rPZ4MDUPJApS2.json HTTP/1.1" 200 92
/DEBUG 2020-06-28 16:28:41,683 - https://unifyhas-8e56e.firebaseio.com:443 "GET /users/lnzLhlV3B7UzHv9rPZ4MDUPJApS2.json HTTP/1.1" 200 92
/DEBUG 2020-06-28 16:28:42,006 - https://unifyhas-8e56e.firebaseio.com:443 "GET /users/lnzLhlV3B7UzHv9rPZ4MDUPJApS2.json HTTP/1.1" 200 92
/DEBUG 2020-06-28 16:28:42,322 - https://unifyhas-8e56e.firebaseio.com:443 "GET /users/lnzLhlV3B7UzHv9rPZ4MDUPJApS2.json HTTP/1.1" 200 92
/DEBUG 2020-06-28 16:28:42,568 - https://unifyhas-8e56e.firebaseio.com:443 "GET /users/lnzLhlV3B7UzHv9rPZ4MDUPJApS2.json HTTP/1.1" 200 92
/DEBUG 2020-06-28 16:28:42,879 - https://unifyhas-8e56e.firebaseio.com:443 "GET /users/lnzLhlV3B7UzHv9rPZ4MDUPJApS2.json HTTP/1.1" 200 92
/DEBUG 2020-06-28 16:28:43,204 - https://unifyhas-8e56e.firebaseio.com:443 "GET /users/lnzLhlV3B7UzHv9rPZ4MDUPJApS2.json HTTP/1.1" 200 92
/DEBUG 2020-06-28 16:28:43,522 - https://unifyhas-8e56e.firebaseio.com:443 "GET /users/lnzLhlV3B7UzHv9rPZ4MDUPJApS2.json HTTP/1.1" 200 92
/DEBUG 2020-06-28 16:28:43,766 - https://unifyhas-8e56e.firebaseio.com:443 "GET /users/lnzLhlV3B7UzHv9rPZ4MDUPJApS2.json HTTP/1.1" 200 92
/DEBUG 2020-06-28 16:28:44,083 - https://unifyhas-8e56e.firebaseio.com:443 "GET /users/lnzLhlV3B7UzHv9rPZ4MDUPJApS2.json HTTP/1.1" 200 92
/DEBUG 2020-06-28 16:28:44,319 - https://unifyhas-8e56e.firebaseio.com:443 "GET /users/lnzLhlV3B7UzHv9rPZ4MDUPJApS2.json HTTP/1.1" 200 92
/DEBUG 2020-06-28 16:28:44,573 - https://unifyhas-8e56e.firebaseio.com:443 "GET /users/lnzLhlV3B7UzHv9rPZ4MDUPJApS2.json HTTP/1.1" 200 92
/DEBUG 2020-06-28 16:28:44,817 - https://unifyhas-8e56e.firebaseio.com:443 "GET /users/lnzLhlV3B7UzHv9rPZ4MDUPJApS2.json HTTP/1.1" 200 92
/DEBUG 2020-06-28 16:28:45,122 - https://unifyhas-8e56e.firebaseio.com:443 "GET /users/lnzLhlV3B7UzHv9rPZ4MDUPJApS2.json HTTP/1.1" 200 92
/DEBUG 2020-06-28 16:28:45,366 - https://unifyhas-8e56e.firebaseio.com:443 "GET /users/lnzLhlV3B7UzHv9rPZ4MDUPJApS2.json HTTP/1.1" 200 92
/DEBUG 2020-06-28 16:28:45,684 - https://unifyhas-8e56e.firebaseio.com:443 "GET /users/lnzLhlV3B7UzHv9rPZ4MDUPJApS2.json HTTP/1.1" 200 92
/DEBUG 2020-06-28 16:28:45,924 - https://unifyhas-8e56e.firebaseio.com:443 "GET /users/lnzLhlV3B7UzHv9rPZ4MDUPJApS2.json HTTP/1.1" 200 92
/DEBUG 2020-06-28 16:28:46,167 - https://unifyhas-8e56e.firebaseio.com:443 "GET /users/lnzLhlV3B7UzHv9rPZ4MDUPJApS2.json HTTP/1.1" 200 92
/DEBUG 2020-06-28 16:28:46,507 - https://unifyhas-8e56e.firebaseio.com:443 "GET /users/lnzLhlV3B7UzHv9rPZ4MDUPJApS2.json HTTP/1.1" 200 92
/DEBUG 2020-06-28 16:28:46,779 - https://unifyhas-8e56e.firebaseio.com:443 "GET /users/lnzLhlV3B7UzHv9rPZ4MDUPJApS2.json HTTP/1.1" 200 92
/DEBUG 2020-06-28 16:28:47,045 - https://unifyhas-8e56e.firebaseio.com:443 "GET /users/lnzLhlV3B7UzHv9rPZ4MDUPJApS2.json HTTP/1.1" 200 92
/DEBUG 2020-06-28 16:28:47,365 - https://unifyhas-8e56e.firebaseio.com:443 "GET /users/lnzLhlV3B7UzHv9rPZ4MDUPJApS2.json HTTP/1.1" 200 92
/DEBUG 2020-06-28 16:28:47,682 - https://unifyhas-8e56e.firebaseio.com:443 "GET /users/lnzLhlV3B7UzHv9rPZ4MDUPJApS2.json HTTP/1.1" 200 92
/DEBUG 2020-06-28 16:28:47,941 - https://unifyhas-8e56e.firebaseio.com:443 "GET /users/lnzLhlV3B7UzHv9rPZ4MDUPJApS2.json HTTP/1.1" 200 92
/DEBUG 2020-06-28 16:28:48,202 - https://unifyhas-8e56e.firebaseio.com:443 "GET /users/lnzLhlV3B7UzHv9rPZ4MDUPJApS2.json HTTP/1.1" 200 92
/DEBUG 2020-06-28 16:28:48,464 - https://unifyhas-8e56e.firebaseio.com:443 "GET /users/lnzLhlV3B7UzHv9rPZ4MDUPJApS2.json HTTP/1.1" 200 92
/DEBUG 2020-06-28 16:28:48,845 - https://unifyhas-8e56e.firebaseio.com:443 "GET /users/lnzLhlV3B7UzHv9rPZ4MDUPJApS2.json HTTP/1.1" 200 92
/DEBUG 2020-06-28 16:28:49,166 - https://unifyhas-8e56e.firebaseio.com:443 "GET /users/lnzLhlV3B7UzHv9rPZ4MDUPJApS2.json HTTP/1.1" 200 92
/DEBUG 2020-06-28 16:28:49,484 - https://unifyhas-8e56e.firebaseio.com:443 "GET /users/lnzLhlV3B7UzHv9rPZ4MDUPJApS2.json HTTP/1.1" 200 92
/DEBUG 2020-06-28 16:28:49,767 - https://unifyhas-8e56e.firebaseio.com:443 "GET /users/lnzLhlV3B7UzHv9rPZ4MDUPJApS2.json HTTP/1.1" 200 92
/DEBUG 2020-06-28 16:28:50,126 - https://unifyhas-8e56e.firebaseio.com:443 "GET /users/lnzLhlV3B7UzHv9rPZ4MDUPJApS2.json HTTP/1.1" 200 92
/DEBUG 2020-06-28 16:28:50,485 - https://unifyhas-8e56e.firebaseio.com:443 "GET /users/lnzLhlV3B7UzHv9rPZ4MDUPJApS2.json HTTP/1.1" 200 92
/DEBUG 2020-06-28 16:28:50,847 - https://unifyhas-8e56e.firebaseio.com:443 "GET /users/lnzLhlV3B7UzHv9rPZ4MDUPJApS2.json HTTP/1.1" 200 92
/DEBUG 2020-06-28 16:28:51,166 - https://unifyhas-8e56e.firebaseio.com:443 "GET /users/lnzLhlV3B7UzHv9rPZ4MDUPJApS2.json HTTP/1.1" 200 92
/DEBUG 2020-06-28 16:28:51,565 - https://unifyhas-8e56e.firebaseio.com:443 "GET /users/lnzLhlV3B7UzHv9rPZ4MDUPJApS2.json HTTP/1.1" 200 92
/DEBUG 2020-06-28 16:28:51,906 - https://unifyhas-8e56e.firebaseio.com:443 "GET /users/lnzLhlV3B7UzHv9rPZ4MDUPJApS2.json HTTP/1.1" 200 92
/DEBUG 2020-06-28 16:28:52,246 - https://unifyhas-8e56e.firebaseio.com:443 "GET /users/lnzLhlV3B7UzHv9rPZ4MDUPJApS2.json HTTP/1.1" 200 92
/DEBUG 2020-06-28 16:28:52,914 - https://unifyhas-8e56e.firebaseio.com:443 "GET /users/lnzLhlV3B7UzHv9rPZ4MDUPJApS2.json HTTP/1.1" 200 92
/DEBUG 2020-06-28 16:28:53,208 - https://unifyhas-8e56e.firebaseio.com:443 "GET /users/lnzLhlV3B7UzHv9rPZ4MDUPJApS2.json HTTP/1.1" 200 92
/DEBUG 2020-06-28 16:28:53,488 - https://unifyhas-8e56e.firebaseio.com:443 "GET /users/lnzLhlV3B7UzHv9rPZ4MDUPJApS2.json HTTP/1.1" 200 92
/DEBUG 2020-06-28 16:28:53,765 - https://unifyhas-8e56e.firebaseio.com:443 "GET /users/lnzLhlV3B7UzHv9rPZ4MDUPJApS2.json HTTP/1.1" 200 92
/DEBUG 2020-06-28 16:28:54,122 - https://unifyhas-8e56e.firebaseio.com:443 "GET /users/lnzLhlV3B7UzHv9rPZ4MDUPJApS2.json HTTP/1.1" 200 92
/DEBUG 2020-06-28 16:28:54,481 - https://unifyhas-8e56e.firebaseio.com:443 "GET /users/lnzLhlV3B7UzHv9rPZ4MDUPJApS2.json HTTP/1.1" 200 92
/DEBUG 2020-06-28 16:28:54,807 - https://unifyhas-8e56e.firebaseio.com:443 "GET /users/lnzLhlV3B7UzHv9rPZ4MDUPJApS2.json HTTP/1.1" 200 92
/DEBUG 2020-06-28 16:28:55,256 - https://unifyhas-8e56e.firebaseio.com:443 "GET /users/lnzLhlV3B7UzHv9rPZ4MDUPJApS2.json HTTP/1.1" 200 92
/DEBUG 2020-06-28 16:28:55,525 - https://unifyhas-8e56e.firebaseio.com:443 "GET /users/lnzLhlV3B7UzHv9rPZ4MDUPJApS2.json HTTP/1.1" 200 92
/DEBUG 2020-06-28 16:28:55,892 - https://unifyhas-8e56e.firebaseio.com:443 "GET /users/lnzLhlV3B7UzHv9rPZ4MDUPJApS2.json HTTP/1.1" 200 92
/DEBUG 2020-06-28 16:28:56,166 - https://unifyhas-8e56e.firebaseio.com:443 "GET /users/lnzLhlV3B7UzHv9rPZ4MDUPJApS2.json HTTP/1.1" 200 92
/DEBUG 2020-06-28 16:28:56,521 - https://unifyhas-8e56e.firebaseio.com:443 "GET /users/lnzLhlV3B7UzHv9rPZ4MDUPJApS2.json HTTP/1.1" 200 92
/DEBUG 2020-06-28 16:28:56,809 - https://unifyhas-8e56e.firebaseio.com:443 "GET /users/lnzLhlV3B7UzHv9rPZ4MDUPJApS2.json HTTP/1.1" 200 92
/DEBUG 2020-06-28 16:28:57,088 - https://unifyhas-8e56e.firebaseio.com:443 "GET /users/lnzLhlV3B7UzHv9rPZ4MDUPJApS2.json HTTP/1.1" 200 92
/DEBUG 2020-06-28 16:28:57,366 - https://unifyhas-8e56e.firebaseio.com:443 "GET /users/lnzLhlV3B7UzHv9rPZ4MDUPJApS2.json HTTP/1.1" 200 92
/DEBUG 2020-06-28 16:28:57,647 - https://unifyhas-8e56e.firebaseio.com:443 "GET /users/lnzLhlV3B7UzHv9rPZ4MDUPJApS2.json HTTP/1.1" 200 92
/DEBUG 2020-06-28 16:28:57,926 - https://unifyhas-8e56e.firebaseio.com:443 "GET /users/lnzLhlV3B7UzHv9rPZ4MDUPJApS2.json HTTP/1.1" 200 92
/DEBUG 2020-06-28 16:28:58,178 - https://unifyhas-8e56e.firebaseio.com:443 "GET /users/lnzLhlV3B7UzHv9rPZ4MDUPJApS2.json HTTP/1.1" 200 92
/DEBUG 2020-06-28 16:28:58,602 - https://unifyhas-8e56e.firebaseio.com:443 "GET /users/lnzLhlV3B7UzHv9rPZ4MDUPJApS2.json HTTP/1.1" 200 92
/DEBUG 2020-06-28 16:28:58,880 - https://unifyhas-8e56e.firebaseio.com:443 "GET /users/lnzLhlV3B7UzHv9rPZ4MDUPJApS2.json HTTP/1.1" 200 92
/DEBUG 2020-06-28 16:28:59,401 - https://unifyhas-8e56e.firebaseio.com:443 "GET /users/lnzLhlV3B7UzHv9rPZ4MDUPJApS2.json HTTP/1.1" 200 92
/DEBUG 2020-06-28 16:28:59,687 - https://unifyhas-8e56e.firebaseio.com:443 "GET /users/lnzLhlV3B7UzHv9rPZ4MDUPJApS2.json HTTP/1.1" 200 92
/DEBUG 2020-06-28 16:28:59,968 - https://unifyhas-8e56e.firebaseio.com:443 "GET /users/lnzLhlV3B7UzHv9rPZ4MDUPJApS2.json HTTP/1.1" 200 92
/DEBUG 2020-06-28 16:29:00,246 - https://unifyhas-8e56e.firebaseio.com:443 "GET /users/lnzLhlV3B7UzHv9rPZ4MDUPJApS2.json HTTP/1.1" 200 92
/DEBUG 2020-06-28 16:29:00,522 - https://unifyhas-8e56e.firebaseio.com:443 "GET /users/lnzLhlV3B7UzHv9rPZ4MDUPJApS2.json HTTP/1.1" 200 92
/DEBUG 2020-06-28 16:29:01,008 - https://unifyhas-8e56e.firebaseio.com:443 "GET /users/lnzLhlV3B7UzHv9rPZ4MDUPJApS2.json HTTP/1.1" 200 92
/DEBUG 2020-06-28 16:29:01,282 - https://unifyhas-8e56e.firebaseio.com:443 "GET /users/lnzLhlV3B7UzHv9rPZ4MDUPJApS2.json HTTP/1.1" 200 92
/DEBUG 2020-06-28 16:29:01,567 - https://unifyhas-8e56e.firebaseio.com:443 "GET /users/lnzLhlV3B7UzHv9rPZ4MDUPJApS2.json HTTP/1.1" 200 92
/DEBUG 2020-06-28 16:29:01,852 - https://unifyhas-8e56e.firebaseio.com:443 "GET /users/lnzLhlV3B7UzHv9rPZ4MDUPJApS2.json HTTP/1.1" 200 92
/DEBUG 2020-06-28 16:29:02,125 - https://unifyhas-8e56e.firebaseio.com:443 "GET /users/lnzLhlV3B7UzHv9rPZ4MDUPJApS2.json HTTP/1.1" 200 92
/DEBUG 2020-06-28 16:29:02,403 - https://unifyhas-8e56e.firebaseio.com:443 "GET /users/lnzLhlV3B7UzHv9rPZ4MDUPJApS2.json HTTP/1.1" 200 92
/DEBUG 2020-06-28 16:29:02,764 - https://unifyhas-8e56e.firebaseio.com:443 "GET /users/lnzLhlV3B7UzHv9rPZ4MDUPJApS2.json HTTP/1.1" 200 92
/DEBUG 2020-06-28 16:29:03,001 - https://unifyhas-8e56e.firebaseio.com:443 "GET /users/lnzLhlV3B7UzHv9rPZ4MDUPJApS2.json HTTP/1.1" 200 92
/DEBUG 2020-06-28 16:29:03,408 - https://unifyhas-8e56e.firebaseio.com:443 "GET /users/lnzLhlV3B7UzHv9rPZ4MDUPJApS2.json HTTP/1.1" 200 92
/DEBUG 2020-06-28 16:29:03,686 - https://unifyhas-8e56e.firebaseio.com:443 "GET /users/lnzLhlV3B7UzHv9rPZ4MDUPJApS2.json HTTP/1.1" 200 92
/DEBUG 2020-06-28 16:29:04,043 - https://unifyhas-8e56e.firebaseio.com:443 "GET /users/lnzLhlV3B7UzHv9rPZ4MDUPJApS2.json HTTP/1.1" 200 92
/DEBUG 2020-06-28 16:29:04,332 - https://unifyhas-8e56e.firebaseio.com:443 "GET /users/lnzLhlV3B7UzHv9rPZ4MDUPJApS2.json HTTP/1.1" 200 92
/DEBUG 2020-06-28 16:29:04,601 - https://unifyhas-8e56e.firebaseio.com:443 "GET /users/lnzLhlV3B7UzHv9rPZ4MDUPJApS2.json HTTP/1.1" 200 92
/DEBUG 2020-06-28 16:29:04,843 - https://unifyhas-8e56e.firebaseio.com:443 "GET /users/lnzLhlV3B7UzHv9rPZ4MDUPJApS2.json HTTP/1.1" 200 92
/DEBUG 2020-06-28 16:29:05,124 - https://unifyhas-8e56e.firebaseio.com:443 "GET /users/lnzLhlV3B7UzHv9rPZ4MDUPJApS2.json HTTP/1.1" 200 92
/DEBUG 2020-06-28 16:29:05,855 - https://unifyhas-8e56e.firebaseio.com:443 "GET /users/lnzLhlV3B7UzHv9rPZ4MDUPJApS2.json HTTP/1.1" 200 92
/DEBUG 2020-06-28 16:29:06,144 - https://unifyhas-8e56e.firebaseio.com:443 "GET /users/lnzLhlV3B7UzHv9rPZ4MDUPJApS2.json HTTP/1.1" 200 92
/DEBUG 2020-06-28 16:29:06,383 - https://unifyhas-8e56e.firebaseio.com:443 "GET /users/lnzLhlV3B7UzHv9rPZ4MDUPJApS2.json HTTP/1.1" 200 92
/DEBUG 2020-06-28 16:29:06,623 - https://unifyhas-8e56e.firebaseio.com:443 "GET /users/lnzLhlV3B7UzHv9rPZ4MDUPJApS2.json HTTP/1.1" 200 92
/DEBUG 2020-06-28 16:29:06,861 - https://unifyhas-8e56e.firebaseio.com:443 "GET /users/lnzLhlV3B7UzHv9rPZ4MDUPJApS2.json HTTP/1.1" 200 92
/DEBUG 2020-06-28 16:29:07,113 - https://unifyhas-8e56e.firebaseio.com:443 "GET /users/lnzLhlV3B7UzHv9rPZ4MDUPJApS2.json HTTP/1.1" 200 92
/DEBUG 2020-06-28 16:29:07,422 - https://unifyhas-8e56e.firebaseio.com:443 "GET /users/lnzLhlV3B7UzHv9rPZ4MDUPJApS2.json HTTP/1.1" 200 92
/DEBUG 2020-06-28 16:29:07,743 - https://unifyhas-8e56e.firebaseio.com:443 "GET /users/lnzLhlV3B7UzHv9rPZ4MDUPJApS2.json HTTP/1.1" 200 92
/DEBUG 2020-06-28 16:29:08,098 - https://unifyhas-8e56e.firebaseio.com:443 "GET /users/lnzLhlV3B7UzHv9rPZ4MDUPJApS2.json HTTP/1.1" 200 92
/DEBUG 2020-06-28 16:29:08,384 - https://unifyhas-8e56e.firebaseio.com:443 "GET /users/lnzLhlV3B7UzHv9rPZ4MDUPJApS2.json HTTP/1.1" 200 92
/DEBUG 2020-06-28 16:29:08,704 - https://unifyhas-8e56e.firebaseio.com:443 "GET /users/lnzLhlV3B7UzHv9rPZ4MDUPJApS2.json HTTP/1.1" 200 92
/DEBUG 2020-06-28 16:29:09,023 - https://unifyhas-8e56e.firebaseio.com:443 "GET /users/lnzLhlV3B7UzHv9rPZ4MDUPJApS2.json HTTP/1.1" 200 92
/DEBUG 2020-06-28 16:29:09,268 - https://unifyhas-8e56e.firebaseio.com:443 "GET /users/lnzLhlV3B7UzHv9rPZ4MDUPJApS2.json HTTP/1.1" 200 92
/DEBUG 2020-06-28 16:29:09,580 - https://unifyhas-8e56e.firebaseio.com:443 "GET /users/lnzLhlV3B7UzHv9rPZ4MDUPJApS2.json HTTP/1.1" 200 92
/DEBUG 2020-06-28 16:29:09,823 - https://unifyhas-8e56e.firebaseio.com:443 "GET /users/lnzLhlV3B7UzHv9rPZ4MDUPJApS2.json HTTP/1.1" 200 92
/DEBUG 2020-06-28 16:29:10,142 - https://unifyhas-8e56e.firebaseio.com:443 "GET /users/lnzLhlV3B7UzHv9rPZ4MDUPJApS2.json HTTP/1.1" 200 92
/DEBUG 2020-06-28 16:29:10,384 - https://unifyhas-8e56e.firebaseio.com:443 "GET /users/lnzLhlV3B7UzHv9rPZ4MDUPJApS2.json HTTP/1.1" 200 92
/DEBUG 2020-06-28 16:29:10,702 - https://unifyhas-8e56e.firebaseio.com:443 "GET /users/lnzLhlV3B7UzHv9rPZ4MDUPJApS2.json HTTP/1.1" 200 92
/DEBUG 2020-06-28 16:29:10,941 - https://unifyhas-8e56e.firebaseio.com:443 "GET /users/lnzLhlV3B7UzHv9rPZ4MDUPJApS2.json HTTP/1.1" 200 92
/DEBUG 2020-06-28 16:29:11,179 - https://unifyhas-8e56e.firebaseio.com:443 "GET /users/lnzLhlV3B7UzHv9rPZ4MDUPJApS2.json HTTP/1.1" 200 92
/DEBUG 2020-06-28 16:29:11,187 - Resetting dropped connection: unifyhas-8e56e.firebaseio.com
/DEBUG 2020-06-28 16:29:12,186 - https://unifyhas-8e56e.firebaseio.com:443 "GET /users/lnzLhlV3B7UzHv9rPZ4MDUPJApS2.json HTTP/1.1" 200 92
/DEBUG 2020-06-28 16:29:12,461 - https://unifyhas-8e56e.firebaseio.com:443 "GET /users/lnzLhlV3B7UzHv9rPZ4MDUPJApS2.json HTTP/1.1" 200 92
/DEBUG 2020-06-28 16:29:12,699 - https://unifyhas-8e56e.firebaseio.com:443 "GET /users/lnzLhlV3B7UzHv9rPZ4MDUPJApS2.json HTTP/1.1" 200 92
/DEBUG 2020-06-28 16:29:12,940 - https://unifyhas-8e56e.firebaseio.com:443 "GET /users/lnzLhlV3B7UzHv9rPZ4MDUPJApS2.json HTTP/1.1" 200 92
/DEBUG 2020-06-28 16:29:13,182 - https://unifyhas-8e56e.firebaseio.com:443 "GET /users/lnzLhlV3B7UzHv9rPZ4MDUPJApS2.json HTTP/1.1" 200 92
/DEBUG 2020-06-28 16:29:13,418 - https://unifyhas-8e56e.firebaseio.com:443 "GET /users/lnzLhlV3B7UzHv9rPZ4MDUPJApS2.json HTTP/1.1" 200 92
/DEBUG 2020-06-28 16:29:13,662 - https://unifyhas-8e56e.firebaseio.com:443 "GET /users/lnzLhlV3B7UzHv9rPZ4MDUPJApS2.json HTTP/1.1" 200 92
/DEBUG 2020-06-28 16:29:13,899 - https://unifyhas-8e56e.firebaseio.com:443 "GET /users/lnzLhlV3B7UzHv9rPZ4MDUPJApS2.json HTTP/1.1" 200 92
/DEBUG 2020-06-28 16:29:14,142 - https://unifyhas-8e56e.firebaseio.com:443 "GET /users/lnzLhlV3B7UzHv9rPZ4MDUPJApS2.json HTTP/1.1" 200 92
/DEBUG 2020-06-28 16:29:14,380 - https://unifyhas-8e56e.firebaseio.com:443 "GET /users/lnzLhlV3B7UzHv9rPZ4MDUPJApS2.json HTTP/1.1" 200 92
/DEBUG 2020-06-28 16:29:14,707 - https://unifyhas-8e56e.firebaseio.com:443 "GET /users/lnzLhlV3B7UzHv9rPZ4MDUPJApS2.json HTTP/1.1" 200 92
/DEBUG 2020-06-28 16:29:15,022 - https://unifyhas-8e56e.firebaseio.com:443 "GET /users/lnzLhlV3B7UzHv9rPZ4MDUPJApS2.json HTTP/1.1" 200 92
/DEBUG 2020-06-28 16:29:15,258 - https://unifyhas-8e56e.firebaseio.com:443 "GET /users/lnzLhlV3B7UzHv9rPZ4MDUPJApS2.json HTTP/1.1" 200 92
/DEBUG 2020-06-28 16:29:15,498 - https://unifyhas-8e56e.firebaseio.com:443 "GET /users/lnzLhlV3B7UzHv9rPZ4MDUPJApS2.json HTTP/1.1" 200 92
/DEBUG 2020-06-28 16:29:15,742 - https://unifyhas-8e56e.firebaseio.com:443 "GET /users/lnzLhlV3B7UzHv9rPZ4MDUPJApS2.json HTTP/1.1" 200 92
/DEBUG 2020-06-28 16:29:15,982 - https://unifyhas-8e56e.firebaseio.com:443 "GET /users/lnzLhlV3B7UzHv9rPZ4MDUPJApS2.json HTTP/1.1" 200 92
/DEBUG 2020-06-28 16:29:16,230 - https://unifyhas-8e56e.firebaseio.com:443 "GET /users/lnzLhlV3B7UzHv9rPZ4MDUPJApS2.json HTTP/1.1" 200 92
/DEBUG 2020-06-28 16:29:16,542 - https://unifyhas-8e56e.firebaseio.com:443 "GET /users/lnzLhlV3B7UzHv9rPZ4MDUPJApS2.json HTTP/1.1" 200 92
/DEBUG 2020-06-28 16:29:16,783 - https://unifyhas-8e56e.firebaseio.com:443 "GET /users/lnzLhlV3B7UzHv9rPZ4MDUPJApS2.json HTTP/1.1" 200 92
/DEBUG 2020-06-28 16:29:17,099 - https://unifyhas-8e56e.firebaseio.com:443 "GET /users/lnzLhlV3B7UzHv9rPZ4MDUPJApS2.json HTTP/1.1" 200 92
/DEBUG 2020-06-28 16:29:17,350 - https://unifyhas-8e56e.firebaseio.com:443 "GET /users/lnzLhlV3B7UzHv9rPZ4MDUPJApS2.json HTTP/1.1" 200 92
/DEBUG 2020-06-28 16:29:17,672 - https://unifyhas-8e56e.firebaseio.com:443 "GET /users/lnzLhlV3B7UzHv9rPZ4MDUPJApS2.json HTTP/1.1" 200 92
/DEBUG 2020-06-28 16:29:17,982 - https://unifyhas-8e56e.firebaseio.com:443 "GET /users/lnzLhlV3B7UzHv9rPZ4MDUPJApS2.json HTTP/1.1" 200 92
/DEBUG 2020-06-28 16:29:18,221 - https://unifyhas-8e56e.firebaseio.com:443 "GET /users/lnzLhlV3B7UzHv9rPZ4MDUPJApS2.json HTTP/1.1" 200 92
/DEBUG 2020-06-28 16:29:18,461 - https://unifyhas-8e56e.firebaseio.com:443 "GET /users/lnzLhlV3B7UzHv9rPZ4MDUPJApS2.json HTTP/1.1" 200 92
/DEBUG 2020-06-28 16:29:18,700 - https://unifyhas-8e56e.firebaseio.com:443 "GET /users/lnzLhlV3B7UzHv9rPZ4MDUPJApS2.json HTTP/1.1" 200 92
/DEBUG 2020-06-28 16:29:18,940 - https://unifyhas-8e56e.firebaseio.com:443 "GET /users/lnzLhlV3B7UzHv9rPZ4MDUPJApS2.json HTTP/1.1" 200 92
/DEBUG 2020-06-28 16:29:19,185 - https://unifyhas-8e56e.firebaseio.com:443 "GET /users/lnzLhlV3B7UzHv9rPZ4MDUPJApS2.json HTTP/1.1" 200 92
/DEBUG 2020-06-28 16:29:19,501 - https://unifyhas-8e56e.firebaseio.com:443 "GET /users/lnzLhlV3B7UzHv9rPZ4MDUPJApS2.json HTTP/1.1" 200 92
/DEBUG 2020-06-28 16:29:19,885 - https://unifyhas-8e56e.firebaseio.com:443 "GET /users/lnzLhlV3B7UzHv9rPZ4MDUPJApS2.json HTTP/1.1" 200 92
/DEBUG 2020-06-28 16:29:20,138 - https://unifyhas-8e56e.firebaseio.com:443 "GET /users/lnzLhlV3B7UzHv9rPZ4MDUPJApS2.json HTTP/1.1" 200 92
/DEBUG 2020-06-28 16:29:21,529 - https://unifyhas-8e56e.firebaseio.com:443 "GET /users/lnzLhlV3B7UzHv9rPZ4MDUPJApS2.json HTTP/1.1" 200 92
/DEBUG 2020-06-28 16:29:21,825 - https://unifyhas-8e56e.firebaseio.com:443 "GET /users/lnzLhlV3B7UzHv9rPZ4MDUPJApS2.json HTTP/1.1" 200 92
/DEBUG 2020-06-28 16:29:22,143 - https://unifyhas-8e56e.firebaseio.com:443 "GET /users/lnzLhlV3B7UzHv9rPZ4MDUPJApS2.json HTTP/1.1" 200 92
/DEBUG 2020-06-28 16:29:22,381 - https://unifyhas-8e56e.firebaseio.com:443 "GET /users/lnzLhlV3B7UzHv9rPZ4MDUPJApS2.json HTTP/1.1" 200 92
/DEBUG 2020-06-28 16:29:22,628 - https://unifyhas-8e56e.firebaseio.com:443 "GET /users/lnzLhlV3B7UzHv9rPZ4MDUPJApS2.json HTTP/1.1" 200 92
/DEBUG 2020-06-28 16:29:22,955 - https://unifyhas-8e56e.firebaseio.com:443 "GET /users/lnzLhlV3B7UzHv9rPZ4MDUPJApS2.json HTTP/1.1" 200 92
/DEBUG 2020-06-28 16:29:23,264 - https://unifyhas-8e56e.firebaseio.com:443 "GET /users/lnzLhlV3B7UzHv9rPZ4MDUPJApS2.json HTTP/1.1" 200 92
/DEBUG 2020-06-28 16:29:23,581 - https://unifyhas-8e56e.firebaseio.com:443 "GET /users/lnzLhlV3B7UzHv9rPZ4MDUPJApS2.json HTTP/1.1" 200 92
/DEBUG 2020-06-28 16:29:23,827 - https://unifyhas-8e56e.firebaseio.com:443 "GET /users/lnzLhlV3B7UzHv9rPZ4MDUPJApS2.json HTTP/1.1" 200 92
/DEBUG 2020-06-28 16:29:24,142 - https://unifyhas-8e56e.firebaseio.com:443 "GET /users/lnzLhlV3B7UzHv9rPZ4MDUPJApS2.json HTTP/1.1" 200 92
/DEBUG 2020-06-28 16:29:24,393 - https://unifyhas-8e56e.firebaseio.com:443 "GET /users/lnzLhlV3B7UzHv9rPZ4MDUPJApS2.json HTTP/1.1" 200 92
/DEBUG 2020-06-28 16:29:24,630 - https://unifyhas-8e56e.firebaseio.com:443 "GET /users/lnzLhlV3B7UzHv9rPZ4MDUPJApS2.json HTTP/1.1" 200 92
/DEBUG 2020-06-28 16:29:24,896 - https://unifyhas-8e56e.firebaseio.com:443 "GET /users/lnzLhlV3B7UzHv9rPZ4MDUPJApS2.json HTTP/1.1" 200 92
/DEBUG 2020-06-28 16:29:25,272 - https://unifyhas-8e56e.firebaseio.com:443 "GET /users/lnzLhlV3B7UzHv9rPZ4MDUPJApS2.json HTTP/1.1" 200 92
/DEBUG 2020-06-28 16:29:25,521 - https://unifyhas-8e56e.firebaseio.com:443 "GET /users/lnzLhlV3B7UzHv9rPZ4MDUPJApS2.json HTTP/1.1" 200 92
/DEBUG 2020-06-28 16:29:25,824 - https://unifyhas-8e56e.firebaseio.com:443 "GET /users/lnzLhlV3B7UzHv9rPZ4MDUPJApS2.json HTTP/1.1" 200 92
/DEBUG 2020-06-28 16:29:26,234 - https://unifyhas-8e56e.firebaseio.com:443 "GET /users/lnzLhlV3B7UzHv9rPZ4MDUPJApS2.json HTTP/1.1" 200 92
/DEBUG 2020-06-28 16:29:26,476 - https://unifyhas-8e56e.firebaseio.com:443 "GET /users/lnzLhlV3B7UzHv9rPZ4MDUPJApS2.json HTTP/1.1" 200 92
/DEBUG 2020-06-28 16:29:26,785 - https://unifyhas-8e56e.firebaseio.com:443 "GET /users/lnzLhlV3B7UzHv9rPZ4MDUPJApS2.json HTTP/1.1" 200 92
/DEBUG 2020-06-28 16:29:27,111 - https://unifyhas-8e56e.firebaseio.com:443 "GET /users/lnzLhlV3B7UzHv9rPZ4MDUPJApS2.json HTTP/1.1" 200 92
/DEBUG 2020-06-28 16:29:27,422 - https://unifyhas-8e56e.firebaseio.com:443 "GET /users/lnzLhlV3B7UzHv9rPZ4MDUPJApS2.json HTTP/1.1" 200 92
/DEBUG 2020-06-28 16:29:27,745 - https://unifyhas-8e56e.firebaseio.com:443 "GET /users/lnzLhlV3B7UzHv9rPZ4MDUPJApS2.json HTTP/1.1" 200 92
/DEBUG 2020-06-28 16:29:28,064 - https://unifyhas-8e56e.firebaseio.com:443 "GET /users/lnzLhlV3B7UzHv9rPZ4MDUPJApS2.json HTTP/1.1" 200 92
/DEBUG 2020-06-28 16:29:28,384 - https://unifyhas-8e56e.firebaseio.com:443 "GET /users/lnzLhlV3B7UzHv9rPZ4MDUPJApS2.json HTTP/1.1" 200 92
/DEBUG 2020-06-28 16:29:28,735 - https://unifyhas-8e56e.firebaseio.com:443 "GET /users/lnzLhlV3B7UzHv9rPZ4MDUPJApS2.json HTTP/1.1" 200 92
/DEBUG 2020-06-28 16:29:29,030 - https://unifyhas-8e56e.firebaseio.com:443 "GET /users/lnzLhlV3B7UzHv9rPZ4MDUPJApS2.json HTTP/1.1" 200 92
/DEBUG 2020-06-28 16:29:29,351 - https://unifyhas-8e56e.firebaseio.com:443 "GET /users/lnzLhlV3B7UzHv9rPZ4MDUPJApS2.json HTTP/1.1" 200 92
/DEBUG 2020-06-28 16:29:29,662 - https://unifyhas-8e56e.firebaseio.com:443 "GET /users/lnzLhlV3B7UzHv9rPZ4MDUPJApS2.json HTTP/1.1" 200 92
/DEBUG 2020-06-28 16:29:29,904 - https://unifyhas-8e56e.firebaseio.com:443 "GET /users/lnzLhlV3B7UzHv9rPZ4MDUPJApS2.json HTTP/1.1" 200 92
/DEBUG 2020-06-28 16:29:30,223 - https://unifyhas-8e56e.firebaseio.com:443 "GET /users/lnzLhlV3B7UzHv9rPZ4MDUPJApS2.json HTTP/1.1" 200 92
/DEBUG 2020-06-28 16:29:30,550 - https://unifyhas-8e56e.firebaseio.com:443 "GET /users/lnzLhlV3B7UzHv9rPZ4MDUPJApS2.json HTTP/1.1" 200 92
/DEBUG 2020-06-28 16:29:30,864 - https://unifyhas-8e56e.firebaseio.com:443 "GET /users/lnzLhlV3B7UzHv9rPZ4MDUPJApS2.json HTTP/1.1" 200 92
/DEBUG 2020-06-28 16:29:31,191 - https://unifyhas-8e56e.firebaseio.com:443 "GET /users/lnzLhlV3B7UzHv9rPZ4MDUPJApS2.json HTTP/1.1" 200 92
/DEBUG 2020-06-28 16:29:31,503 - https://unifyhas-8e56e.firebaseio.com:443 "GET /users/lnzLhlV3B7UzHv9rPZ4MDUPJApS2.json HTTP/1.1" 200 92
/DEBUG 2020-06-28 16:29:31,825 - https://unifyhas-8e56e.firebaseio.com:443 "GET /users/lnzLhlV3B7UzHv9rPZ4MDUPJApS2.json HTTP/1.1" 200 92
/DEBUG 2020-06-28 16:29:32,142 - https://unifyhas-8e56e.firebaseio.com:443 "GET /users/lnzLhlV3B7UzHv9rPZ4MDUPJApS2.json HTTP/1.1" 200 92
/DEBUG 2020-06-28 16:29:32,381 - https://unifyhas-8e56e.firebaseio.com:443 "GET /users/lnzLhlV3B7UzHv9rPZ4MDUPJApS2.json HTTP/1.1" 200 92
/DEBUG 2020-06-28 16:29:32,704 - https://unifyhas-8e56e.firebaseio.com:443 "GET /users/lnzLhlV3B7UzHv9rPZ4MDUPJApS2.json HTTP/1.1" 200 92
/DEBUG 2020-06-28 16:29:33,022 - https://unifyhas-8e56e.firebaseio.com:443 "GET /users/lnzLhlV3B7UzHv9rPZ4MDUPJApS2.json HTTP/1.1" 200 92
/DEBUG 2020-06-28 16:29:33,261 - https://unifyhas-8e56e.firebaseio.com:443 "GET /users/lnzLhlV3B7UzHv9rPZ4MDUPJApS2.json HTTP/1.1" 200 92
/DEBUG 2020-06-28 16:29:33,500 - https://unifyhas-8e56e.firebaseio.com:443 "GET /users/lnzLhlV3B7UzHv9rPZ4MDUPJApS2.json HTTP/1.1" 200 92
/DEBUG 2020-06-28 16:29:33,749 - https://unifyhas-8e56e.firebaseio.com:443 "GET /users/lnzLhlV3B7UzHv9rPZ4MDUPJApS2.json HTTP/1.1" 200 92
/DEBUG 2020-06-28 16:29:34,062 - https://unifyhas-8e56e.firebaseio.com:443 "GET /users/lnzLhlV3B7UzHv9rPZ4MDUPJApS2.json HTTP/1.1" 200 92
/DEBUG 2020-06-28 16:29:34,307 - https://unifyhas-8e56e.firebaseio.com:443 "GET /users/lnzLhlV3B7UzHv9rPZ4MDUPJApS2.json HTTP/1.1" 200 92
/DEBUG 2020-06-28 16:29:34,548 - https://unifyhas-8e56e.firebaseio.com:443 "GET /users/lnzLhlV3B7UzHv9rPZ4MDUPJApS2.json HTTP/1.1" 200 92
/DEBUG 2020-06-28 16:29:34,790 - https://unifyhas-8e56e.firebaseio.com:443 "GET /users/lnzLhlV3B7UzHv9rPZ4MDUPJApS2.json HTTP/1.1" 200 92
/DEBUG 2020-06-28 16:29:35,215 - https://unifyhas-8e56e.firebaseio.com:443 "GET /users/lnzLhlV3B7UzHv9rPZ4MDUPJApS2.json HTTP/1.1" 200 92
/DEBUG 2020-06-28 16:29:35,503 - https://unifyhas-8e56e.firebaseio.com:443 "GET /users/lnzLhlV3B7UzHv9rPZ4MDUPJApS2.json HTTP/1.1" 200 92
/DEBUG 2020-06-28 16:29:36,141 - https://unifyhas-8e56e.firebaseio.com:443 "GET /users/lnzLhlV3B7UzHv9rPZ4MDUPJApS2.json HTTP/1.1" 200 92
/DEBUG 2020-06-28 16:29:36,380 - https://unifyhas-8e56e.firebaseio.com:443 "GET /users/lnzLhlV3B7UzHv9rPZ4MDUPJApS2.json HTTP/1.1" 200 92
/DEBUG 2020-06-28 16:29:36,622 - https://unifyhas-8e56e.firebaseio.com:443 "GET /users/lnzLhlV3B7UzHv9rPZ4MDUPJApS2.json HTTP/1.1" 200 92
/DEBUG 2020-06-28 16:29:36,943 - https://unifyhas-8e56e.firebaseio.com:443 "GET /users/lnzLhlV3B7UzHv9rPZ4MDUPJApS2.json HTTP/1.1" 200 92
/DEBUG 2020-06-28 16:29:37,263 - https://unifyhas-8e56e.firebaseio.com:443 "GET /users/lnzLhlV3B7UzHv9rPZ4MDUPJApS2.json HTTP/1.1" 200 92
/DEBUG 2020-06-28 16:29:37,593 - https://unifyhas-8e56e.firebaseio.com:443 "GET /users/lnzLhlV3B7UzHv9rPZ4MDUPJApS2.json HTTP/1.1" 200 92
/DEBUG 2020-06-28 16:29:37,905 - https://unifyhas-8e56e.firebaseio.com:443 "GET /users/lnzLhlV3B7UzHv9rPZ4MDUPJApS2.json HTTP/1.1" 200 92
/DEBUG 2020-06-28 16:29:38,224 - https://unifyhas-8e56e.firebaseio.com:443 "GET /users/lnzLhlV3B7UzHv9rPZ4MDUPJApS2.json HTTP/1.1" 200 92
/DEBUG 2020-06-28 16:29:38,542 - https://unifyhas-8e56e.firebaseio.com:443 "GET /users/lnzLhlV3B7UzHv9rPZ4MDUPJApS2.json HTTP/1.1" 200 92
/DEBUG 2020-06-28 16:29:38,864 - https://unifyhas-8e56e.firebaseio.com:443 "GET /users/lnzLhlV3B7UzHv9rPZ4MDUPJApS2.json HTTP/1.1" 200 92
/DEBUG 2020-06-28 16:29:39,180 - https://unifyhas-8e56e.firebaseio.com:443 "GET /users/lnzLhlV3B7UzHv9rPZ4MDUPJApS2.json HTTP/1.1" 200 92
/DEBUG 2020-06-28 16:29:39,423 - https://unifyhas-8e56e.firebaseio.com:443 "GET /users/lnzLhlV3B7UzHv9rPZ4MDUPJApS2.json HTTP/1.1" 200 92
/DEBUG 2020-06-28 16:29:39,741 - https://unifyhas-8e56e.firebaseio.com:443 "GET /users/lnzLhlV3B7UzHv9rPZ4MDUPJApS2.json HTTP/1.1" 200 92
/DEBUG 2020-06-28 16:29:39,978 - https://unifyhas-8e56e.firebaseio.com:443 "GET /users/lnzLhlV3B7UzHv9rPZ4MDUPJApS2.json HTTP/1.1" 200 92
/DEBUG 2020-06-28 16:29:40,332 - https://unifyhas-8e56e.firebaseio.com:443 "GET /users/lnzLhlV3B7UzHv9rPZ4MDUPJApS2.json HTTP/1.1" 200 92
/DEBUG 2020-06-28 16:29:40,619 - https://unifyhas-8e56e.firebaseio.com:443 "GET /users/lnzLhlV3B7UzHv9rPZ4MDUPJApS2.json HTTP/1.1" 200 92
/DEBUG 2020-06-28 16:29:40,858 - https://unifyhas-8e56e.firebaseio.com:443 "GET /users/lnzLhlV3B7UzHv9rPZ4MDUPJApS2.json HTTP/1.1" 200 92
/DEBUG 2020-06-28 16:29:42,220 - https://unifyhas-8e56e.firebaseio.com:443 "GET /users/lnzLhlV3B7UzHv9rPZ4MDUPJApS2.json HTTP/1.1" 200 92
/DEBUG 2020-06-28 16:29:42,460 - https://unifyhas-8e56e.firebaseio.com:443 "GET /users/lnzLhlV3B7UzHv9rPZ4MDUPJApS2.json HTTP/1.1" 200 92
/DEBUG 2020-06-28 16:29:42,698 - https://unifyhas-8e56e.firebaseio.com:443 "GET /users/lnzLhlV3B7UzHv9rPZ4MDUPJApS2.json HTTP/1.1" 200 92
/DEBUG 2020-06-28 16:29:42,947 - https://unifyhas-8e56e.firebaseio.com:443 "GET /users/lnzLhlV3B7UzHv9rPZ4MDUPJApS2.json HTTP/1.1" 200 92
/DEBUG 2020-06-28 16:29:42,956 - Resetting dropped connection: unifyhas-8e56e.firebaseio.com
/DEBUG 2020-06-28 16:29:43,818 - https://unifyhas-8e56e.firebaseio.com:443 "GET /users/lnzLhlV3B7UzHv9rPZ4MDUPJApS2.json HTTP/1.1" 200 92
/DEBUG 2020-06-28 16:29:44,093 - https://unifyhas-8e56e.firebaseio.com:443 "GET /users/lnzLhlV3B7UzHv9rPZ4MDUPJApS2.json HTTP/1.1" 200 92
/DEBUG 2020-06-28 16:29:44,382 - https://unifyhas-8e56e.firebaseio.com:443 "GET /users/lnzLhlV3B7UzHv9rPZ4MDUPJApS2.json HTTP/1.1" 200 92
/DEBUG 2020-06-28 16:29:44,619 - https://unifyhas-8e56e.firebaseio.com:443 "GET /users/lnzLhlV3B7UzHv9rPZ4MDUPJApS2.json HTTP/1.1" 200 92
/DEBUG 2020-06-28 16:29:44,871 - https://unifyhas-8e56e.firebaseio.com:443 "GET /users/lnzLhlV3B7UzHv9rPZ4MDUPJApS2.json HTTP/1.1" 200 92
/DEBUG 2020-06-28 16:29:45,184 - https://unifyhas-8e56e.firebaseio.com:443 "GET /users/lnzLhlV3B7UzHv9rPZ4MDUPJApS2.json HTTP/1.1" 200 92
/DEBUG 2020-06-28 16:29:45,502 - https://unifyhas-8e56e.firebaseio.com:443 "GET /users/lnzLhlV3B7UzHv9rPZ4MDUPJApS2.json HTTP/1.1" 200 92
/DEBUG 2020-06-28 16:29:45,747 - https://unifyhas-8e56e.firebaseio.com:443 "GET /users/lnzLhlV3B7UzHv9rPZ4MDUPJApS2.json HTTP/1.1" 200 92
/DEBUG 2020-06-28 16:29:46,062 - https://unifyhas-8e56e.firebaseio.com:443 "GET /users/lnzLhlV3B7UzHv9rPZ4MDUPJApS2.json HTTP/1.1" 200 92
/DEBUG 2020-06-28 16:29:46,464 - https://unifyhas-8e56e.firebaseio.com:443 "GET /users/lnzLhlV3B7UzHv9rPZ4MDUPJApS2.json HTTP/1.1" 200 92
/DEBUG 2020-06-28 16:29:46,699 - https://unifyhas-8e56e.firebaseio.com:443 "GET /users/lnzLhlV3B7UzHv9rPZ4MDUPJApS2.json HTTP/1.1" 200 92
/DEBUG 2020-06-28 16:29:46,938 - https://unifyhas-8e56e.firebaseio.com:443 "GET /users/lnzLhlV3B7UzHv9rPZ4MDUPJApS2.json HTTP/1.1" 200 92
/DEBUG 2020-06-28 16:29:47,186 - https://unifyhas-8e56e.firebaseio.com:443 "GET /users/lnzLhlV3B7UzHv9rPZ4MDUPJApS2.json HTTP/1.1" 200 92
/DEBUG 2020-06-28 16:29:47,515 - https://unifyhas-8e56e.firebaseio.com:443 "GET /users/lnzLhlV3B7UzHv9rPZ4MDUPJApS2.json HTTP/1.1" 200 92
/DEBUG 2020-06-28 16:29:47,761 - https://unifyhas-8e56e.firebaseio.com:443 "GET /users/lnzLhlV3B7UzHv9rPZ4MDUPJApS2.json HTTP/1.1" 200 92
/DEBUG 2020-06-28 16:29:47,999 - https://unifyhas-8e56e.firebaseio.com:443 "GET /users/lnzLhlV3B7UzHv9rPZ4MDUPJApS2.json HTTP/1.1" 200 92
/DEBUG 2020-06-28 16:29:48,226 - https://unifyhas-8e56e.firebaseio.com:443 "GET /users/lnzLhlV3B7UzHv9rPZ4MDUPJApS2.json HTTP/1.1" 200 92
/DEBUG 2020-06-28 16:29:48,541 - https://unifyhas-8e56e.firebaseio.com:443 "GET /users/lnzLhlV3B7UzHv9rPZ4MDUPJApS2.json HTTP/1.1" 200 92
